;  LST file generated by mikroListExporter - v.2.0 
; Date/Time: 5/29/2023 11:11:57 PM
;----------------------------------------------

;Address Opcode 	ASM
____SysVT:
0x0000	0x4FFC2000  	536891388
0x0004	0x0CCD0000  	3277
0x0008	0x0BD50000  	3029
0x000C	0x0BD50000  	3029
0x0010	0x0BD50000  	3029
0x0014	0x0BD50000  	3029
0x0018	0x0BD50000  	3029
0x001C	0x0BD50000  	3029
0x0020	0x0BD50000  	3029
0x0024	0x0BD50000  	3029
0x0028	0x0BD50000  	3029
0x002C	0x0BD50000  	3029
0x0030	0x0BD50000  	3029
0x0034	0x0BD50000  	3029
0x0038	0x0BD50000  	3029
0x003C	0x0BD50000  	3029
0x0040	0x0BD50000  	3029
0x0044	0x0BD50000  	3029
0x0048	0x0BD50000  	3029
0x004C	0x0BD50000  	3029
0x0050	0x0BD50000  	3029
0x0054	0x0BD50000  	3029
0x0058	0x0BD50000  	3029
0x005C	0x0BD50000  	3029
0x0060	0x0BD50000  	3029
0x0064	0x0BD50000  	3029
0x0068	0x0BD50000  	3029
0x006C	0x0BD50000  	3029
0x0070	0x0BD50000  	3029
0x0074	0x0BD50000  	3029
0x0078	0x0BD50000  	3029
0x007C	0x0BD50000  	3029
0x0080	0x0BD50000  	3029
0x0084	0x0BD50000  	3029
0x0088	0x0BD50000  	3029
0x008C	0x0BD50000  	3029
0x0090	0x0BD50000  	3029
0x0094	0x0BD50000  	3029
0x0098	0x0BD50000  	3029
0x009C	0x0BD50000  	3029
0x00A0	0x0BD50000  	3029
0x00A4	0x0BD50000  	3029
0x00A8	0x0BD50000  	3029
0x00AC	0x0BD50000  	3029
0x00B0	0x0BD50000  	3029
0x00B4	0x0BD50000  	3029
0x00B8	0x0BD50000  	3029
0x00BC	0x0BD50000  	3029
0x00C0	0x0BD50000  	3029
0x00C4	0x0BD50000  	3029
0x00C8	0x0BD50000  	3029
0x00CC	0x0BD50000  	3029
0x00D0	0x0BD50000  	3029
0x00D4	0x0BD50000  	3029
0x00D8	0x0BD50000  	3029
0x00DC	0x0BD50000  	3029
0x00E0	0x0BD50000  	3029
0x00E4	0x0BD50000  	3029
0x00E8	0x0BD50000  	3029
0x00EC	0x0BD50000  	3029
0x00F0	0x0BD50000  	3029
0x00F4	0x0BD50000  	3029
0x00F8	0x0BD50000  	3029
0x00FC	0x0BD50000  	3029
0x0100	0x0BD50000  	3029
0x0104	0x0BD50000  	3029
0x0108	0x0BD50000  	3029
0x010C	0x0BD50000  	3029
0x0110	0x0BD50000  	3029
0x0114	0x0BD50000  	3029
0x0118	0x0BD50000  	3029
0x011C	0x0BD50000  	3029
0x0120	0x0BD50000  	3029
0x0124	0x0BD50000  	3029
0x0128	0x0BD50000  	3029
0x012C	0x0BD50000  	3029
; end of ____SysVT
_main:
;STM32F103C8_MCU-Based_MP3_Player_with_Bluetooth_Control.c, 67 :: 		void main() {
0x0CCC	0xB084    SUB	SP, SP, #16
0x0CCE	0xF7FFFF85  BL	3036
0x0CD2	0xF000F9A9  BL	4136
0x0CD6	0xF7FFFF73  BL	3008
0x0CDA	0xF000F965  BL	4008
;STM32F103C8_MCU-Based_MP3_Player_with_Bluetooth_Control.c, 69 :: 		char change_mode[10]={0x7E,0xFF,0x06,0x09,0x00,0x00,0x02,0xFE,0xF0,0xEF};
0x0CDE	0xF10D0B02  ADD	R11, SP, #2
0x0CE2	0xF10B0A0C  ADD	R10, R11, #12
0x0CE6	0xF8DFC15C  LDR	R12, [PC, #348]
0x0CEA	0xF7FFFEE3  BL	___CC2DW+0
;STM32F103C8_MCU-Based_MP3_Player_with_Bluetooth_Control.c, 70 :: 		int i=0;
;STM32F103C8_MCU-Based_MP3_Player_with_Bluetooth_Control.c, 73 :: 		GPIO_Digital_Output(&GPIOB_BASE, _GPIO_PINMASK_0);
0x0CEE	0xF2400101  MOVW	R1, #1
0x0CF2	0x4855    LDR	R0, [PC, #340]
0x0CF4	0xF7FFFEB6  BL	_GPIO_Digital_Output+0
;STM32F103C8_MCU-Based_MP3_Player_with_Bluetooth_Control.c, 76 :: 		GPIO_Config(&GPIOA_BASE, _GPIO_PINMASK_9, _GPIO_CFG_DIGITAL_OUTPUT | _GPIO_CFG_MODE_ALT_FUNCTION);
0x0CF8	0x4A54    LDR	R2, [PC, #336]
0x0CFA	0xF2402100  MOVW	R1, #512
0x0CFE	0x4854    LDR	R0, [PC, #336]
0x0D00	0xF7FFFCC8  BL	_GPIO_Config+0
;STM32F103C8_MCU-Based_MP3_Player_with_Bluetooth_Control.c, 79 :: 		GPIO_Config(&GPIOA_BASE, _GPIO_PINMASK_10, _GPIO_CFG_DIGITAL_INPUT | _GPIO_CFG_MODE_ALT_FUNCTION);
0x0D04	0x224A    MOVS	R2, #74
0x0D06	0xF2404100  MOVW	R1, #1024
0x0D0A	0x4851    LDR	R0, [PC, #324]
0x0D0C	0xF7FFFCC2  BL	_GPIO_Config+0
;STM32F103C8_MCU-Based_MP3_Player_with_Bluetooth_Control.c, 82 :: 		GPIO_Config(&GPIOA_BASE, _GPIO_PINMASK_2, _GPIO_CFG_DIGITAL_OUTPUT | _GPIO_CFG_MODE_ALT_FUNCTION);
0x0D10	0x4A4E    LDR	R2, [PC, #312]
0x0D12	0xF2400104  MOVW	R1, #4
0x0D16	0x484E    LDR	R0, [PC, #312]
0x0D18	0xF7FFFCBC  BL	_GPIO_Config+0
;STM32F103C8_MCU-Based_MP3_Player_with_Bluetooth_Control.c, 85 :: 		GPIO_Config(&GPIOA_BASE, _GPIO_PINMASK_3, _GPIO_CFG_DIGITAL_INPUT | _GPIO_CFG_MODE_ALT_FUNCTION);
0x0D1C	0x224A    MOVS	R2, #74
0x0D1E	0xF2400108  MOVW	R1, #8
0x0D22	0x484B    LDR	R0, [PC, #300]
0x0D24	0xF7FFFCB6  BL	_GPIO_Config+0
;STM32F103C8_MCU-Based_MP3_Player_with_Bluetooth_Control.c, 88 :: 		UART1_Init(9600);
0x0D28	0xF2425080  MOVW	R0, #9600
0x0D2C	0xF7FFFEA8  BL	_UART1_Init+0
;STM32F103C8_MCU-Based_MP3_Player_with_Bluetooth_Control.c, 91 :: 		UART2_Init(9600);
0x0D30	0xF2425080  MOVW	R0, #9600
0x0D34	0xF7FFFEE6  BL	_UART2_Init+0
;STM32F103C8_MCU-Based_MP3_Player_with_Bluetooth_Control.c, 93 :: 		UART2_Write("");
0x0D38	0xF240404E  MOVW	R0, #lo_addr(?lstr_1_STM32F103C8_MCU_45Based_MP3_Player_with_Bluetooth_Control+0)
0x0D3C	0xF7FFFF26  BL	_UART2_Write+0
;STM32F103C8_MCU-Based_MP3_Player_with_Bluetooth_Control.c, 94 :: 		Delay_100ms();
0x0D40	0xF7FFFF32  BL	_Delay_100ms+0
;STM32F103C8_MCU-Based_MP3_Player_with_Bluetooth_Control.c, 95 :: 		for(i;i<10;i++) {
L_main21:
0x0D44	0xF9BD000C  LDRSH	R0, [SP, #12]
0x0D48	0x280A    CMP	R0, #10
0x0D4A	0xDA0D    BGE	L_main22
;STM32F103C8_MCU-Based_MP3_Player_with_Bluetooth_Control.c, 96 :: 		UART2_Write(change_mode[i]);
0x0D4C	0xF10D0102  ADD	R1, SP, #2
0x0D50	0xF9BD000C  LDRSH	R0, [SP, #12]
0x0D54	0x1808    ADDS	R0, R1, R0
0x0D56	0x7800    LDRB	R0, [R0, #0]
0x0D58	0xF7FFFF18  BL	_UART2_Write+0
;STM32F103C8_MCU-Based_MP3_Player_with_Bluetooth_Control.c, 95 :: 		for(i;i<10;i++) {
0x0D5C	0xF9BD000C  LDRSH	R0, [SP, #12]
0x0D60	0x1C40    ADDS	R0, R0, #1
0x0D62	0xF8AD000C  STRH	R0, [SP, #12]
;STM32F103C8_MCU-Based_MP3_Player_with_Bluetooth_Control.c, 97 :: 		}
0x0D66	0xE7ED    B	L_main21
L_main22:
;STM32F103C8_MCU-Based_MP3_Player_with_Bluetooth_Control.c, 98 :: 		Delay_ms(1000);
0x0D68	0xF24B07A9  MOVW	R7, #45225
0x0D6C	0xF2C00728  MOVT	R7, #40
0x0D70	0xBF00    NOP
0x0D72	0xBF00    NOP
L_main24:
0x0D74	0x1E7F    SUBS	R7, R7, #1
0x0D76	0xD1FD    BNE	L_main24
0x0D78	0xBF00    NOP
0x0D7A	0xBF00    NOP
;STM32F103C8_MCU-Based_MP3_Player_with_Bluetooth_Control.c, 99 :: 		play();
0x0D7C	0xF7FFFEDC  BL	_play+0
;STM32F103C8_MCU-Based_MP3_Player_with_Bluetooth_Control.c, 101 :: 		while(1)
L_main26:
;STM32F103C8_MCU-Based_MP3_Player_with_Bluetooth_Control.c, 104 :: 		if(UART1_DATA_Ready() == 1)
0x0D80	0xF7FFFEF8  BL	_UART1_Data_Ready+0
0x0D84	0x2801    CMP	R0, #1
0x0D86	0xF040805B  BNE	L_main28
;STM32F103C8_MCU-Based_MP3_Player_with_Bluetooth_Control.c, 106 :: 		bluetoothRecievedByte = UART1_Read();
0x0D8A	0xF7FFFDA1  BL	_UART1_Read+0
0x0D8E	0xF8AD0000  STRH	R0, [SP, #0]
;STM32F103C8_MCU-Based_MP3_Player_with_Bluetooth_Control.c, 109 :: 		if(bluetoothRecievedByte == 0x41)
0x0D92	0x2841    CMP	R0, #65
0x0D94	0xD128    BNE	L_main29
;STM32F103C8_MCU-Based_MP3_Player_with_Bluetooth_Control.c, 112 :: 		Delay_ms(2000);
0x0D96	0xF2461753  MOVW	R7, #24915
0x0D9A	0xF2C00751  MOVT	R7, #81
0x0D9E	0xBF00    NOP
0x0DA0	0xBF00    NOP
L_main30:
0x0DA2	0x1E7F    SUBS	R7, R7, #1
0x0DA4	0xD1FD    BNE	L_main30
0x0DA6	0xBF00    NOP
0x0DA8	0xBF00    NOP
0x0DAA	0xBF00    NOP
0x0DAC	0xBF00    NOP
;STM32F103C8_MCU-Based_MP3_Player_with_Bluetooth_Control.c, 114 :: 		GPIOB_ODR.B0 = !GPIOB_ODR.B0;
0x0DAE	0x4929    LDR	R1, [PC, #164]
0x0DB0	0x6808    LDR	R0, [R1, #0]
0x0DB2	0xF0800101  EOR	R1, R0, #1
0x0DB6	0x4827    LDR	R0, [PC, #156]
0x0DB8	0x6001    STR	R1, [R0, #0]
;STM32F103C8_MCU-Based_MP3_Player_with_Bluetooth_Control.c, 116 :: 		if (flag==0){
0x0DBA	0x4827    LDR	R0, [PC, #156]
0x0DBC	0xF9B00000  LDRSH	R0, [R0, #0]
0x0DC0	0xB910    CBNZ	R0, L_main32
;STM32F103C8_MCU-Based_MP3_Player_with_Bluetooth_Control.c, 117 :: 		resume();
0x0DC2	0xF7FFFD67  BL	_resume+0
;STM32F103C8_MCU-Based_MP3_Player_with_Bluetooth_Control.c, 118 :: 		}
0x0DC6	0xE006    B	L_main33
L_main32:
;STM32F103C8_MCU-Based_MP3_Player_with_Bluetooth_Control.c, 120 :: 		else if(flag==1)
0x0DC8	0x4823    LDR	R0, [PC, #140]
0x0DCA	0xF9B00000  LDRSH	R0, [R0, #0]
0x0DCE	0x2801    CMP	R0, #1
0x0DD0	0xD101    BNE	L_main34
;STM32F103C8_MCU-Based_MP3_Player_with_Bluetooth_Control.c, 122 :: 		pause();
0x0DD2	0xF7FFFD89  BL	_pause+0
;STM32F103C8_MCU-Based_MP3_Player_with_Bluetooth_Control.c, 123 :: 		}
L_main34:
L_main33:
;STM32F103C8_MCU-Based_MP3_Player_with_Bluetooth_Control.c, 124 :: 		flag^=1;
0x0DD6	0x4920    LDR	R1, [PC, #128]
0x0DD8	0xF9B10000  LDRSH	R0, [R1, #0]
0x0DDC	0xF0800001  EOR	R0, R0, #1
0x0DE0	0x8008    STRH	R0, [R1, #0]
;STM32F103C8_MCU-Based_MP3_Player_with_Bluetooth_Control.c, 126 :: 		Delay_100ms();
0x0DE2	0xF7FFFEE1  BL	_Delay_100ms+0
;STM32F103C8_MCU-Based_MP3_Player_with_Bluetooth_Control.c, 127 :: 		}
0x0DE6	0xE02B    B	L_main35
L_main29:
;STM32F103C8_MCU-Based_MP3_Player_with_Bluetooth_Control.c, 130 :: 		else if(bluetoothRecievedByte == 0x42)
0x0DE8	0xF8BD0000  LDRH	R0, [SP, #0]
0x0DEC	0x2842    CMP	R0, #66
0x0DEE	0xD102    BNE	L_main36
;STM32F103C8_MCU-Based_MP3_Player_with_Bluetooth_Control.c, 132 :: 		play();
0x0DF0	0xF7FFFEA2  BL	_play+0
;STM32F103C8_MCU-Based_MP3_Player_with_Bluetooth_Control.c, 133 :: 		}
0x0DF4	0xE024    B	L_main37
L_main36:
;STM32F103C8_MCU-Based_MP3_Player_with_Bluetooth_Control.c, 136 :: 		else if(bluetoothRecievedByte == 0x43)
0x0DF6	0xF8BD0000  LDRH	R0, [SP, #0]
0x0DFA	0x2843    CMP	R0, #67
0x0DFC	0xD100    BNE	L_main38
;STM32F103C8_MCU-Based_MP3_Player_with_Bluetooth_Control.c, 139 :: 		}
0x0DFE	0xE01F    B	L_main39
L_main38:
;STM32F103C8_MCU-Based_MP3_Player_with_Bluetooth_Control.c, 142 :: 		else if(bluetoothRecievedByte == 0x44)
0x0E00	0xF8BD0000  LDRH	R0, [SP, #0]
0x0E04	0x2844    CMP	R0, #68
0x0E06	0xD100    BNE	L_main40
;STM32F103C8_MCU-Based_MP3_Player_with_Bluetooth_Control.c, 145 :: 		}
0x0E08	0xE01A    B	L_main41
L_main40:
;STM32F103C8_MCU-Based_MP3_Player_with_Bluetooth_Control.c, 148 :: 		else if(bluetoothRecievedByte == 0x45)
0x0E0A	0xF8BD0000  LDRH	R0, [SP, #0]
0x0E0E	0x2845    CMP	R0, #69
0x0E10	0xD102    BNE	L_main42
;STM32F103C8_MCU-Based_MP3_Player_with_Bluetooth_Control.c, 150 :: 		volume_up();
0x0E12	0xF7FFFDA5  BL	_volume_up+0
;STM32F103C8_MCU-Based_MP3_Player_with_Bluetooth_Control.c, 151 :: 		}
0x0E16	0xE013    B	L_main43
L_main42:
;STM32F103C8_MCU-Based_MP3_Player_with_Bluetooth_Control.c, 154 :: 		else if(bluetoothRecievedByte == 0x46)
0x0E18	0xF8BD0000  LDRH	R0, [SP, #0]
0x0E1C	0x2846    CMP	R0, #70
0x0E1E	0xD102    BNE	L_main44
;STM32F103C8_MCU-Based_MP3_Player_with_Bluetooth_Control.c, 156 :: 		volume_down();
0x0E20	0xF7FFFD80  BL	_volume_down+0
;STM32F103C8_MCU-Based_MP3_Player_with_Bluetooth_Control.c, 157 :: 		}
0x0E24	0xE00C    B	L_main45
L_main44:
;STM32F103C8_MCU-Based_MP3_Player_with_Bluetooth_Control.c, 160 :: 		else if(bluetoothRecievedByte == 0x47)
0x0E26	0xF8BD0000  LDRH	R0, [SP, #0]
0x0E2A	0x2847    CMP	R0, #71
0x0E2C	0xD102    BNE	L_main46
;STM32F103C8_MCU-Based_MP3_Player_with_Bluetooth_Control.c, 162 :: 		next();
0x0E2E	0xF7FFFDB5  BL	_next+0
;STM32F103C8_MCU-Based_MP3_Player_with_Bluetooth_Control.c, 163 :: 		}
0x0E32	0xE005    B	L_main47
L_main46:
;STM32F103C8_MCU-Based_MP3_Player_with_Bluetooth_Control.c, 166 :: 		else if(bluetoothRecievedByte == 0x48)
0x0E34	0xF8BD0000  LDRH	R0, [SP, #0]
0x0E38	0x2848    CMP	R0, #72
0x0E3A	0xD101    BNE	L_main48
;STM32F103C8_MCU-Based_MP3_Player_with_Bluetooth_Control.c, 168 :: 		previous();
0x0E3C	0xF7FFFDF4  BL	_previous+0
;STM32F103C8_MCU-Based_MP3_Player_with_Bluetooth_Control.c, 169 :: 		}
L_main48:
L_main47:
L_main45:
L_main43:
L_main41:
L_main39:
L_main37:
L_main35:
;STM32F103C8_MCU-Based_MP3_Player_with_Bluetooth_Control.c, 170 :: 		}
L_main28:
;STM32F103C8_MCU-Based_MP3_Player_with_Bluetooth_Control.c, 171 :: 		}
0x0E40	0xE79E    B	L_main26
;STM32F103C8_MCU-Based_MP3_Player_with_Bluetooth_Control.c, 172 :: 		}
L_end_main:
L__main_end_loop:
0x0E42	0xE7FE    B	L__main_end_loop
0x0E44	0x0F8C0000  	?ICSmain_change_mode_L0+0
0x0E48	0x0C004001  	GPIOB_BASE+0
0x0E4C	0x001C0008  	#524316
0x0E50	0x08004001  	GPIOA_BASE+0
0x0E54	0x81804221  	GPIOB_ODR+0
0x0E58	0x00002000  	_flag+0
; end of _main
___CC2DW:
;__Lib_System_101_102_103.c, 27 :: 		
0x0AB4	0xB081    SUB	SP, SP, #4
;__Lib_System_101_102_103.c, 29 :: 		
L_loopDW:
;__Lib_System_101_102_103.c, 30 :: 		
0x0AB6	0xF81C9B01  LDRB	R9, [R12], #1
;__Lib_System_101_102_103.c, 31 :: 		
0x0ABA	0xF80B9B01  STRB	R9, [R11], #1
;__Lib_System_101_102_103.c, 32 :: 		
0x0ABE	0xEBBB0F0A  CMP	R11, R10, LSL #0
;__Lib_System_101_102_103.c, 33 :: 		
0x0AC2	0xD1F8    BNE	L_loopDW
;__Lib_System_101_102_103.c, 35 :: 		
L_end___CC2DW:
0x0AC4	0xB001    ADD	SP, SP, #4
0x0AC6	0x4770    BX	LR
; end of ___CC2DW
___FillZeros:
;__Lib_System_101_102_103.c, 69 :: 		
0x0AC8	0xB081    SUB	SP, SP, #4
;__Lib_System_101_102_103.c, 71 :: 		
0x0ACA	0xF04F0900  MOV	R9, #0
;__Lib_System_101_102_103.c, 72 :: 		
0x0ACE	0xF04F0C00  MOV	R12, #0
;__Lib_System_101_102_103.c, 73 :: 		
0x0AD2	0xEBBD0F0A  CMP	SP, R10, LSL #0
;__Lib_System_101_102_103.c, 74 :: 		
0x0AD6	0xDC04    BGT	L_loopFZs
;__Lib_System_101_102_103.c, 75 :: 		
0x0AD8	0xEBBD0F0B  CMP	SP, R11, LSL #0
;__Lib_System_101_102_103.c, 76 :: 		
0x0ADC	0xDB01    BLT	L_loopFZs
;__Lib_System_101_102_103.c, 77 :: 		
0x0ADE	0x46D4    MOV	R12, R10
;__Lib_System_101_102_103.c, 78 :: 		
0x0AE0	0x46EA    MOV	R10, SP
;__Lib_System_101_102_103.c, 79 :: 		
L_loopFZs:
;__Lib_System_101_102_103.c, 80 :: 		
0x0AE2	0xF84B9B04  STR	R9, [R11], #4
;__Lib_System_101_102_103.c, 81 :: 		
0x0AE6	0xEBBB0F0A  CMP	R11, R10, LSL #0
;__Lib_System_101_102_103.c, 82 :: 		
0x0AEA	0xD1FA    BNE	L_loopFZs
;__Lib_System_101_102_103.c, 83 :: 		
0x0AEC	0xEBBC0F0A  CMP	R12, R10, LSL #0
;__Lib_System_101_102_103.c, 84 :: 		
0x0AF0	0xDD05    BLE	L_norep
;__Lib_System_101_102_103.c, 85 :: 		
0x0AF2	0x46E2    MOV	R10, R12
;__Lib_System_101_102_103.c, 86 :: 		
0x0AF4	0xF8D9B000  LDR	R11, [R9, #0]
;__Lib_System_101_102_103.c, 87 :: 		
0x0AF8	0xF10B0B04  ADD	R11, R11, #4
;__Lib_System_101_102_103.c, 88 :: 		
0x0AFC	0xE7F1    B	L_loopFZs
;__Lib_System_101_102_103.c, 89 :: 		
L_norep:
;__Lib_System_101_102_103.c, 91 :: 		
L_end___FillZeros:
0x0AFE	0xB001    ADD	SP, SP, #4
0x0B00	0x4770    BX	LR
; end of ___FillZeros
_GPIO_Digital_Output:
;__Lib_GPIO_32F10x.c, 365 :: 		
; pin_mask start address is: 4 (R1)
; port start address is: 0 (R0)
0x0A64	0xB081    SUB	SP, SP, #4
0x0A66	0xF8CDE000  STR	LR, [SP, #0]
; pin_mask end address is: 4 (R1)
; port end address is: 0 (R0)
; port start address is: 0 (R0)
; pin_mask start address is: 4 (R1)
;__Lib_GPIO_32F10x.c, 366 :: 		
0x0A6A	0x4A04    LDR	R2, [PC, #16]
0x0A6C	0xB289    UXTH	R1, R1
; pin_mask end address is: 4 (R1)
; port end address is: 0 (R0)
0x0A6E	0xF7FFFE11  BL	_GPIO_Config+0
;__Lib_GPIO_32F10x.c, 367 :: 		
L_end_GPIO_Digital_Output:
0x0A72	0xF8DDE000  LDR	LR, [SP, #0]
0x0A76	0xB001    ADD	SP, SP, #4
0x0A78	0x4770    BX	LR
0x0A7A	0xBF00    NOP
0x0A7C	0x00140008  	#524308
; end of _GPIO_Digital_Output
_GPIO_Config:
;__Lib_GPIO_32F10x.c, 124 :: 		
; config start address is: 8 (R2)
; pin_mask start address is: 4 (R1)
; port start address is: 0 (R0)
0x0694	0xB081    SUB	SP, SP, #4
0x0696	0xF8CDE000  STR	LR, [SP, #0]
0x069A	0xB28C    UXTH	R4, R1
0x069C	0x4615    MOV	R5, R2
; config end address is: 8 (R2)
; pin_mask end address is: 4 (R1)
; port end address is: 0 (R0)
; port start address is: 0 (R0)
; pin_mask start address is: 16 (R4)
; config start address is: 20 (R5)
;__Lib_GPIO_32F10x.c, 129 :: 		
0x069E	0x4B77    LDR	R3, [PC, #476]
0x06A0	0xEA000303  AND	R3, R0, R3, LSL #0
; port end address is: 0 (R0)
; port start address is: 24 (R6)
0x06A4	0x461E    MOV	R6, R3
;__Lib_GPIO_32F10x.c, 131 :: 		
0x06A6	0x4618    MOV	R0, R3
0x06A8	0xF7FFFD94  BL	_GPIO_Clk_Enable+0
;__Lib_GPIO_32F10x.c, 134 :: 		
0x06AC	0xF1B40FFF  CMP	R4, #255
0x06B0	0xD10C    BNE	L_GPIO_Config18
;__Lib_GPIO_32F10x.c, 135 :: 		
0x06B2	0x4B73    LDR	R3, [PC, #460]
0x06B4	0x429D    CMP	R5, R3
0x06B6	0xD103    BNE	L_GPIO_Config19
; pin_mask end address is: 16 (R4)
; config end address is: 20 (R5)
;__Lib_GPIO_32F10x.c, 136 :: 		
0x06B8	0xF04F3333  MOV	R3, #858993459
0x06BC	0x6033    STR	R3, [R6, #0]
; port end address is: 24 (R6)
;__Lib_GPIO_32F10x.c, 137 :: 		
0x06BE	0xE0D9    B	L_end_GPIO_Config
;__Lib_GPIO_32F10x.c, 138 :: 		
L_GPIO_Config19:
;__Lib_GPIO_32F10x.c, 139 :: 		
; port start address is: 24 (R6)
; config start address is: 20 (R5)
; pin_mask start address is: 16 (R4)
0x06C0	0x2D42    CMP	R5, #66
0x06C2	0xD103    BNE	L_GPIO_Config20
; pin_mask end address is: 16 (R4)
; config end address is: 20 (R5)
;__Lib_GPIO_32F10x.c, 140 :: 		
0x06C4	0xF04F3344  MOV	R3, #1145324612
0x06C8	0x6033    STR	R3, [R6, #0]
; port end address is: 24 (R6)
;__Lib_GPIO_32F10x.c, 141 :: 		
0x06CA	0xE0D3    B	L_end_GPIO_Config
;__Lib_GPIO_32F10x.c, 142 :: 		
L_GPIO_Config20:
;__Lib_GPIO_32F10x.c, 143 :: 		
; port start address is: 24 (R6)
; config start address is: 20 (R5)
; pin_mask start address is: 16 (R4)
L_GPIO_Config18:
;__Lib_GPIO_32F10x.c, 145 :: 		
0x06CC	0xF64F73FF  MOVW	R3, #65535
0x06D0	0x429C    CMP	R4, R3
0x06D2	0xD114    BNE	L_GPIO_Config21
;__Lib_GPIO_32F10x.c, 146 :: 		
0x06D4	0x4B6A    LDR	R3, [PC, #424]
0x06D6	0x429D    CMP	R5, R3
0x06D8	0xD107    BNE	L_GPIO_Config22
; pin_mask end address is: 16 (R4)
; config end address is: 20 (R5)
;__Lib_GPIO_32F10x.c, 147 :: 		
0x06DA	0xF04F3333  MOV	R3, #858993459
0x06DE	0x6033    STR	R3, [R6, #0]
;__Lib_GPIO_32F10x.c, 148 :: 		
0x06E0	0x1D34    ADDS	R4, R6, #4
; port end address is: 24 (R6)
0x06E2	0xF04F3333  MOV	R3, #858993459
0x06E6	0x6023    STR	R3, [R4, #0]
;__Lib_GPIO_32F10x.c, 149 :: 		
0x06E8	0xE0C4    B	L_end_GPIO_Config
;__Lib_GPIO_32F10x.c, 150 :: 		
L_GPIO_Config22:
;__Lib_GPIO_32F10x.c, 151 :: 		
; port start address is: 24 (R6)
; config start address is: 20 (R5)
; pin_mask start address is: 16 (R4)
0x06EA	0x2D42    CMP	R5, #66
0x06EC	0xD107    BNE	L_GPIO_Config23
; pin_mask end address is: 16 (R4)
; config end address is: 20 (R5)
;__Lib_GPIO_32F10x.c, 152 :: 		
0x06EE	0xF04F3344  MOV	R3, #1145324612
0x06F2	0x6033    STR	R3, [R6, #0]
;__Lib_GPIO_32F10x.c, 153 :: 		
0x06F4	0x1D34    ADDS	R4, R6, #4
; port end address is: 24 (R6)
0x06F6	0xF04F3344  MOV	R3, #1145324612
0x06FA	0x6023    STR	R3, [R4, #0]
;__Lib_GPIO_32F10x.c, 154 :: 		
0x06FC	0xE0BA    B	L_end_GPIO_Config
;__Lib_GPIO_32F10x.c, 155 :: 		
L_GPIO_Config23:
;__Lib_GPIO_32F10x.c, 156 :: 		
; port start address is: 24 (R6)
; config start address is: 20 (R5)
; pin_mask start address is: 16 (R4)
L_GPIO_Config21:
;__Lib_GPIO_32F10x.c, 158 :: 		
; currentmode start address is: 4 (R1)
0x06FE	0x2100    MOVS	R1, #0
;__Lib_GPIO_32F10x.c, 159 :: 		
; speed start address is: 0 (R0)
0x0700	0x2000    MOVS	R0, #0
;__Lib_GPIO_32F10x.c, 161 :: 		
0x0702	0xF0050301  AND	R3, R5, #1
0x0706	0xB10B    CBZ	R3, L_GPIO_Config24
;__Lib_GPIO_32F10x.c, 162 :: 		
0x0708	0x2100    MOVS	R1, #0
0x070A	0xE01D    B	L_GPIO_Config25
L_GPIO_Config24:
;__Lib_GPIO_32F10x.c, 163 :: 		
0x070C	0xF0050302  AND	R3, R5, #2
0x0710	0xB133    CBZ	R3, L_GPIO_Config26
; currentmode end address is: 4 (R1)
;__Lib_GPIO_32F10x.c, 164 :: 		
0x0712	0xF40573C0  AND	R3, R5, #384
0x0716	0xB10B    CBZ	R3, L_GPIO_Config27
;__Lib_GPIO_32F10x.c, 165 :: 		
; currentmode start address is: 4 (R1)
0x0718	0x2108    MOVS	R1, #8
; currentmode end address is: 4 (R1)
0x071A	0xE000    B	L_GPIO_Config28
L_GPIO_Config27:
;__Lib_GPIO_32F10x.c, 167 :: 		
; currentmode start address is: 4 (R1)
0x071C	0x2104    MOVS	R1, #4
; currentmode end address is: 4 (R1)
L_GPIO_Config28:
;__Lib_GPIO_32F10x.c, 168 :: 		
; currentmode start address is: 4 (R1)
0x071E	0xE013    B	L_GPIO_Config29
L_GPIO_Config26:
;__Lib_GPIO_32F10x.c, 169 :: 		
0x0720	0xF0050304  AND	R3, R5, #4
0x0724	0xB133    CBZ	R3, L_GPIO_Config30
; currentmode end address is: 4 (R1)
;__Lib_GPIO_32F10x.c, 170 :: 		
0x0726	0xF0050320  AND	R3, R5, #32
0x072A	0xB10B    CBZ	R3, L_GPIO_Config31
;__Lib_GPIO_32F10x.c, 171 :: 		
; currentmode start address is: 4 (R1)
0x072C	0x2104    MOVS	R1, #4
; currentmode end address is: 4 (R1)
0x072E	0xE000    B	L_GPIO_Config32
L_GPIO_Config31:
;__Lib_GPIO_32F10x.c, 173 :: 		
; currentmode start address is: 4 (R1)
0x0730	0x2100    MOVS	R1, #0
; currentmode end address is: 4 (R1)
L_GPIO_Config32:
;__Lib_GPIO_32F10x.c, 174 :: 		
; currentmode start address is: 4 (R1)
0x0732	0xE009    B	L_GPIO_Config33
L_GPIO_Config30:
;__Lib_GPIO_32F10x.c, 175 :: 		
0x0734	0xF0050308  AND	R3, R5, #8
0x0738	0xB133    CBZ	R3, L__GPIO_Config100
; currentmode end address is: 4 (R1)
;__Lib_GPIO_32F10x.c, 176 :: 		
0x073A	0xF0050320  AND	R3, R5, #32
0x073E	0xB10B    CBZ	R3, L_GPIO_Config35
;__Lib_GPIO_32F10x.c, 177 :: 		
; currentmode start address is: 4 (R1)
0x0740	0x210C    MOVS	R1, #12
; currentmode end address is: 4 (R1)
0x0742	0xE000    B	L_GPIO_Config36
L_GPIO_Config35:
;__Lib_GPIO_32F10x.c, 179 :: 		
; currentmode start address is: 4 (R1)
0x0744	0x2108    MOVS	R1, #8
; currentmode end address is: 4 (R1)
L_GPIO_Config36:
;__Lib_GPIO_32F10x.c, 180 :: 		
; currentmode start address is: 4 (R1)
; currentmode end address is: 4 (R1)
0x0746	0xE7FF    B	L_GPIO_Config34
L__GPIO_Config100:
;__Lib_GPIO_32F10x.c, 175 :: 		
;__Lib_GPIO_32F10x.c, 180 :: 		
L_GPIO_Config34:
; currentmode start address is: 4 (R1)
; currentmode end address is: 4 (R1)
L_GPIO_Config33:
; currentmode start address is: 4 (R1)
; currentmode end address is: 4 (R1)
L_GPIO_Config29:
; currentmode start address is: 4 (R1)
; currentmode end address is: 4 (R1)
L_GPIO_Config25:
;__Lib_GPIO_32F10x.c, 182 :: 		
; currentmode start address is: 4 (R1)
0x0748	0x4B4E    LDR	R3, [PC, #312]
0x074A	0xEA050303  AND	R3, R5, R3, LSL #0
0x074E	0xB10B    CBZ	R3, L_GPIO_Config37
;__Lib_GPIO_32F10x.c, 183 :: 		
0x0750	0x2003    MOVS	R0, #3
0x0752	0xE009    B	L_GPIO_Config38
L_GPIO_Config37:
;__Lib_GPIO_32F10x.c, 184 :: 		
0x0754	0xF4057300  AND	R3, R5, #512
0x0758	0xB10B    CBZ	R3, L_GPIO_Config39
;__Lib_GPIO_32F10x.c, 185 :: 		
0x075A	0x2002    MOVS	R0, #2
0x075C	0xE004    B	L_GPIO_Config40
L_GPIO_Config39:
;__Lib_GPIO_32F10x.c, 186 :: 		
0x075E	0xF4056380  AND	R3, R5, #1024
0x0762	0xB10B    CBZ	R3, L__GPIO_Config101
;__Lib_GPIO_32F10x.c, 187 :: 		
0x0764	0x2001    MOVS	R0, #1
; speed end address is: 0 (R0)
0x0766	0xE7FF    B	L_GPIO_Config41
L__GPIO_Config101:
;__Lib_GPIO_32F10x.c, 186 :: 		
;__Lib_GPIO_32F10x.c, 187 :: 		
L_GPIO_Config41:
; speed start address is: 0 (R0)
; speed end address is: 0 (R0)
L_GPIO_Config40:
; speed start address is: 0 (R0)
; speed end address is: 0 (R0)
L_GPIO_Config38:
;__Lib_GPIO_32F10x.c, 189 :: 		
; speed start address is: 0 (R0)
;__Lib_GPIO_32F10x.c, 195 :: 		
0x0768	0xF005030C  AND	R3, R5, #12
0x076C	0xB10B    CBZ	R3, L__GPIO_Config102
;__Lib_GPIO_32F10x.c, 198 :: 		
0x076E	0x4301    ORRS	R1, R0
; speed end address is: 0 (R0)
; currentmode end address is: 4 (R1)
;__Lib_GPIO_32F10x.c, 199 :: 		
0x0770	0xE7FF    B	L_GPIO_Config42
L__GPIO_Config102:
;__Lib_GPIO_32F10x.c, 195 :: 		
;__Lib_GPIO_32F10x.c, 199 :: 		
L_GPIO_Config42:
;__Lib_GPIO_32F10x.c, 201 :: 		
; currentmode start address is: 4 (R1)
0x0772	0xF00403FF  AND	R3, R4, #255
0x0776	0xB29B    UXTH	R3, R3
0x0778	0x2B00    CMP	R3, #0
0x077A	0xD03B    BEQ	L__GPIO_Config104
;__Lib_GPIO_32F10x.c, 202 :: 		
0x077C	0x6837    LDR	R7, [R6, #0]
; tmpreg start address is: 28 (R7)
;__Lib_GPIO_32F10x.c, 204 :: 		
; pinpos start address is: 0 (R0)
0x077E	0x2000    MOVS	R0, #0
; pin_mask end address is: 16 (R4)
; config end address is: 20 (R5)
; currentmode end address is: 4 (R1)
; tmpreg end address is: 28 (R7)
; pinpos end address is: 0 (R0)
; port end address is: 24 (R6)
0x0780	0xFA1FF884  UXTH	R8, R4
0x0784	0x4632    MOV	R2, R6
0x0786	0x462E    MOV	R6, R5
L_GPIO_Config44:
; pinpos start address is: 0 (R0)
; tmpreg start address is: 28 (R7)
; currentmode start address is: 4 (R1)
; port start address is: 8 (R2)
; config start address is: 24 (R6)
; pin_mask start address is: 32 (R8)
0x0788	0x2808    CMP	R0, #8
0x078A	0xD22C    BCS	L_GPIO_Config45
;__Lib_GPIO_32F10x.c, 206 :: 		
0x078C	0xF04F0301  MOV	R3, #1
0x0790	0xFA03F400  LSL	R4, R3, R0
;__Lib_GPIO_32F10x.c, 208 :: 		
0x0794	0xEA080304  AND	R3, R8, R4, LSL #0
;__Lib_GPIO_32F10x.c, 210 :: 		
0x0798	0x42A3    CMP	R3, R4
0x079A	0xD122    BNE	L__GPIO_Config103
;__Lib_GPIO_32F10x.c, 212 :: 		
0x079C	0x0085    LSLS	R5, R0, #2
;__Lib_GPIO_32F10x.c, 214 :: 		
0x079E	0xF04F030F  MOV	R3, #15
0x07A2	0x40AB    LSLS	R3, R5
;__Lib_GPIO_32F10x.c, 215 :: 		
0x07A4	0x43DB    MVN	R3, R3
0x07A6	0xEA070403  AND	R4, R7, R3, LSL #0
; tmpreg end address is: 28 (R7)
;__Lib_GPIO_32F10x.c, 218 :: 		
0x07AA	0xFA01F305  LSL	R3, R1, R5
0x07AE	0xEA440303  ORR	R3, R4, R3, LSL #0
; tmpreg start address is: 20 (R5)
0x07B2	0x461D    MOV	R5, R3
;__Lib_GPIO_32F10x.c, 221 :: 		
0x07B4	0xF4067381  AND	R3, R6, #258
0x07B8	0xF5B37F81  CMP	R3, #258
0x07BC	0xD105    BNE	L_GPIO_Config48
;__Lib_GPIO_32F10x.c, 223 :: 		
0x07BE	0xF2020414  ADDW	R4, R2, #20
0x07C2	0xF04F0301  MOV	R3, #1
0x07C6	0x4083    LSLS	R3, R0
0x07C8	0x6023    STR	R3, [R4, #0]
;__Lib_GPIO_32F10x.c, 224 :: 		
L_GPIO_Config48:
;__Lib_GPIO_32F10x.c, 226 :: 		
0x07CA	0xF0060382  AND	R3, R6, #130
0x07CE	0x2B82    CMP	R3, #130
0x07D0	0xD105    BNE	L_GPIO_Config49
;__Lib_GPIO_32F10x.c, 228 :: 		
0x07D2	0xF2020410  ADDW	R4, R2, #16
0x07D6	0xF04F0301  MOV	R3, #1
0x07DA	0x4083    LSLS	R3, R0
0x07DC	0x6023    STR	R3, [R4, #0]
;__Lib_GPIO_32F10x.c, 229 :: 		
L_GPIO_Config49:
;__Lib_GPIO_32F10x.c, 230 :: 		
0x07DE	0x462F    MOV	R7, R5
0x07E0	0xE7FF    B	L_GPIO_Config47
; tmpreg end address is: 20 (R5)
L__GPIO_Config103:
;__Lib_GPIO_32F10x.c, 210 :: 		
;__Lib_GPIO_32F10x.c, 230 :: 		
L_GPIO_Config47:
;__Lib_GPIO_32F10x.c, 204 :: 		
; tmpreg start address is: 28 (R7)
0x07E2	0x1C40    ADDS	R0, R0, #1
;__Lib_GPIO_32F10x.c, 231 :: 		
; pinpos end address is: 0 (R0)
0x07E4	0xE7D0    B	L_GPIO_Config44
L_GPIO_Config45:
;__Lib_GPIO_32F10x.c, 232 :: 		
0x07E6	0x6017    STR	R7, [R2, #0]
; currentmode end address is: 4 (R1)
; port end address is: 8 (R2)
; config end address is: 24 (R6)
; pin_mask end address is: 32 (R8)
; tmpreg end address is: 28 (R7)
0x07E8	0xFA1FF088  UXTH	R0, R8
0x07EC	0x460F    MOV	R7, R1
0x07EE	0x4631    MOV	R1, R6
0x07F0	0x4616    MOV	R6, R2
;__Lib_GPIO_32F10x.c, 234 :: 		
0x07F2	0xE002    B	L_GPIO_Config43
L__GPIO_Config104:
;__Lib_GPIO_32F10x.c, 201 :: 		
0x07F4	0x460F    MOV	R7, R1
0x07F6	0x4629    MOV	R1, R5
0x07F8	0xB2A0    UXTH	R0, R4
;__Lib_GPIO_32F10x.c, 234 :: 		
L_GPIO_Config43:
;__Lib_GPIO_32F10x.c, 238 :: 		
; currentmode start address is: 28 (R7)
; port start address is: 24 (R6)
; config start address is: 4 (R1)
; pin_mask start address is: 0 (R0)
0x07FA	0xF1B00FFF  CMP	R0, #255
0x07FE	0xD939    BLS	L_GPIO_Config50
;__Lib_GPIO_32F10x.c, 240 :: 		
0x0800	0x1D33    ADDS	R3, R6, #4
0x0802	0xF8D38000  LDR	R8, [R3, #0]
; tmpreg start address is: 32 (R8)
;__Lib_GPIO_32F10x.c, 241 :: 		
; pinpos start address is: 8 (R2)
0x0806	0x2200    MOVS	R2, #0
; port end address is: 24 (R6)
; tmpreg end address is: 32 (R8)
; pinpos end address is: 8 (R2)
L_GPIO_Config51:
; pinpos start address is: 8 (R2)
; tmpreg start address is: 32 (R8)
; pin_mask start address is: 0 (R0)
; pin_mask end address is: 0 (R0)
; config start address is: 4 (R1)
; config end address is: 4 (R1)
; port start address is: 24 (R6)
; currentmode start address is: 28 (R7)
; currentmode end address is: 28 (R7)
0x0808	0x2A08    CMP	R2, #8
0x080A	0xD230    BCS	L_GPIO_Config52
; pin_mask end address is: 0 (R0)
; config end address is: 4 (R1)
; currentmode end address is: 28 (R7)
;__Lib_GPIO_32F10x.c, 243 :: 		
; currentmode start address is: 28 (R7)
; config start address is: 4 (R1)
; pin_mask start address is: 0 (R0)
0x080C	0xF2020408  ADDW	R4, R2, #8
0x0810	0xF04F0301  MOV	R3, #1
0x0814	0xFA03F404  LSL	R4, R3, R4
;__Lib_GPIO_32F10x.c, 245 :: 		
0x0818	0xEA000304  AND	R3, R0, R4, LSL #0
;__Lib_GPIO_32F10x.c, 246 :: 		
0x081C	0x42A3    CMP	R3, R4
0x081E	0xD124    BNE	L__GPIO_Config105
;__Lib_GPIO_32F10x.c, 248 :: 		
0x0820	0x0095    LSLS	R5, R2, #2
;__Lib_GPIO_32F10x.c, 250 :: 		
0x0822	0xF04F030F  MOV	R3, #15
0x0826	0x40AB    LSLS	R3, R5
;__Lib_GPIO_32F10x.c, 251 :: 		
0x0828	0x43DB    MVN	R3, R3
0x082A	0xEA080803  AND	R8, R8, R3, LSL #0
; tmpreg end address is: 32 (R8)
;__Lib_GPIO_32F10x.c, 254 :: 		
0x082E	0xFA07F305  LSL	R3, R7, R5
0x0832	0xEA480803  ORR	R8, R8, R3, LSL #0
; tmpreg start address is: 32 (R8)
;__Lib_GPIO_32F10x.c, 257 :: 		
0x0836	0xF4017381  AND	R3, R1, #258
0x083A	0xF5B37F81  CMP	R3, #258
0x083E	0xD107    BNE	L_GPIO_Config55
;__Lib_GPIO_32F10x.c, 259 :: 		
0x0840	0xF2060514  ADDW	R5, R6, #20
0x0844	0xF2020408  ADDW	R4, R2, #8
0x0848	0xF04F0301  MOV	R3, #1
0x084C	0x40A3    LSLS	R3, R4
0x084E	0x602B    STR	R3, [R5, #0]
;__Lib_GPIO_32F10x.c, 260 :: 		
L_GPIO_Config55:
;__Lib_GPIO_32F10x.c, 262 :: 		
0x0850	0xF0010382  AND	R3, R1, #130
0x0854	0x2B82    CMP	R3, #130
0x0856	0xD107    BNE	L_GPIO_Config56
;__Lib_GPIO_32F10x.c, 264 :: 		
0x0858	0xF2060510  ADDW	R5, R6, #16
0x085C	0xF2020408  ADDW	R4, R2, #8
0x0860	0xF04F0301  MOV	R3, #1
0x0864	0x40A3    LSLS	R3, R4
0x0866	0x602B    STR	R3, [R5, #0]
;__Lib_GPIO_32F10x.c, 265 :: 		
L_GPIO_Config56:
;__Lib_GPIO_32F10x.c, 266 :: 		
0x0868	0xE7FF    B	L_GPIO_Config54
; tmpreg end address is: 32 (R8)
L__GPIO_Config105:
;__Lib_GPIO_32F10x.c, 246 :: 		
;__Lib_GPIO_32F10x.c, 266 :: 		
L_GPIO_Config54:
;__Lib_GPIO_32F10x.c, 241 :: 		
; tmpreg start address is: 32 (R8)
0x086A	0x1C52    ADDS	R2, R2, #1
;__Lib_GPIO_32F10x.c, 267 :: 		
; pin_mask end address is: 0 (R0)
; config end address is: 4 (R1)
; currentmode end address is: 28 (R7)
; pinpos end address is: 8 (R2)
0x086C	0xE7CC    B	L_GPIO_Config51
L_GPIO_Config52:
;__Lib_GPIO_32F10x.c, 268 :: 		
0x086E	0x1D33    ADDS	R3, R6, #4
; port end address is: 24 (R6)
0x0870	0xF8C38000  STR	R8, [R3, #0]
; tmpreg end address is: 32 (R8)
;__Lib_GPIO_32F10x.c, 269 :: 		
L_GPIO_Config50:
;__Lib_GPIO_32F10x.c, 270 :: 		
L_end_GPIO_Config:
0x0874	0xF8DDE000  LDR	LR, [SP, #0]
0x0878	0xB001    ADD	SP, SP, #4
0x087A	0x4770    BX	LR
0x087C	0xFC00FFFF  	#-1024
0x0880	0x00140008  	#524308
0x0884	0x08000008  	#526336
; end of _GPIO_Config
_GPIO_Clk_Enable:
;__Lib_GPIO_32F10x.c, 83 :: 		
; gpio_port start address is: 0 (R0)
0x01D4	0xB081    SUB	SP, SP, #4
; gpio_port end address is: 0 (R0)
; gpio_port start address is: 0 (R0)
;__Lib_GPIO_32F10x.c, 85 :: 		
0x01D6	0x4919    LDR	R1, [PC, #100]
0x01D8	0xEA000101  AND	R1, R0, R1, LSL #0
; gpio_port end address is: 0 (R0)
; prt start address is: 0 (R0)
0x01DC	0x4608    MOV	R0, R1
;__Lib_GPIO_32F10x.c, 86 :: 		
; pos start address is: 8 (R2)
0x01DE	0x2200    MOVS	R2, #0
;__Lib_GPIO_32F10x.c, 87 :: 		
0x01E0	0xE00E    B	L_GPIO_Clk_Enable0
; prt end address is: 0 (R0)
; pos end address is: 8 (R2)
;__Lib_GPIO_32F10x.c, 88 :: 		
L_GPIO_Clk_Enable2:
; pos start address is: 0 (R0)
0x01E2	0x2004    MOVS	R0, #4
; pos end address is: 0 (R0)
0x01E4	0xE022    B	L_GPIO_Clk_Enable1
;__Lib_GPIO_32F10x.c, 89 :: 		
L_GPIO_Clk_Enable3:
; pos start address is: 0 (R0)
0x01E6	0x2008    MOVS	R0, #8
; pos end address is: 0 (R0)
0x01E8	0xE020    B	L_GPIO_Clk_Enable1
;__Lib_GPIO_32F10x.c, 90 :: 		
L_GPIO_Clk_Enable4:
; pos start address is: 0 (R0)
0x01EA	0x2010    MOVS	R0, #16
; pos end address is: 0 (R0)
0x01EC	0xE01E    B	L_GPIO_Clk_Enable1
;__Lib_GPIO_32F10x.c, 91 :: 		
L_GPIO_Clk_Enable5:
; pos start address is: 0 (R0)
0x01EE	0x2020    MOVS	R0, #32
; pos end address is: 0 (R0)
0x01F0	0xE01C    B	L_GPIO_Clk_Enable1
;__Lib_GPIO_32F10x.c, 92 :: 		
L_GPIO_Clk_Enable6:
; pos start address is: 0 (R0)
0x01F2	0x2040    MOVS	R0, #64
; pos end address is: 0 (R0)
0x01F4	0xE01A    B	L_GPIO_Clk_Enable1
;__Lib_GPIO_32F10x.c, 93 :: 		
L_GPIO_Clk_Enable7:
; pos start address is: 0 (R0)
0x01F6	0x2080    MOVS	R0, #128
; pos end address is: 0 (R0)
0x01F8	0xE018    B	L_GPIO_Clk_Enable1
;__Lib_GPIO_32F10x.c, 94 :: 		
L_GPIO_Clk_Enable8:
; pos start address is: 0 (R0)
0x01FA	0xF2401000  MOVW	R0, #256
; pos end address is: 0 (R0)
0x01FE	0xE015    B	L_GPIO_Clk_Enable1
;__Lib_GPIO_32F10x.c, 95 :: 		
L_GPIO_Clk_Enable0:
; pos start address is: 8 (R2)
; prt start address is: 0 (R0)
0x0200	0x490F    LDR	R1, [PC, #60]
0x0202	0x4288    CMP	R0, R1
0x0204	0xD0ED    BEQ	L_GPIO_Clk_Enable2
0x0206	0x490F    LDR	R1, [PC, #60]
0x0208	0x4288    CMP	R0, R1
0x020A	0xD0EC    BEQ	L_GPIO_Clk_Enable3
0x020C	0x490E    LDR	R1, [PC, #56]
0x020E	0x4288    CMP	R0, R1
0x0210	0xD0EB    BEQ	L_GPIO_Clk_Enable4
0x0212	0x490E    LDR	R1, [PC, #56]
0x0214	0x4288    CMP	R0, R1
0x0216	0xD0EA    BEQ	L_GPIO_Clk_Enable5
0x0218	0x490D    LDR	R1, [PC, #52]
0x021A	0x4288    CMP	R0, R1
0x021C	0xD0E9    BEQ	L_GPIO_Clk_Enable6
0x021E	0x490D    LDR	R1, [PC, #52]
0x0220	0x4288    CMP	R0, R1
0x0222	0xD0E8    BEQ	L_GPIO_Clk_Enable7
0x0224	0x490C    LDR	R1, [PC, #48]
0x0226	0x4288    CMP	R0, R1
0x0228	0xD0E7    BEQ	L_GPIO_Clk_Enable8
; prt end address is: 0 (R0)
; pos end address is: 8 (R2)
0x022A	0x4610    MOV	R0, R2
L_GPIO_Clk_Enable1:
;__Lib_GPIO_32F10x.c, 97 :: 		
; pos start address is: 0 (R0)
0x022C	0x490B    LDR	R1, [PC, #44]
0x022E	0x6809    LDR	R1, [R1, #0]
0x0230	0xEA410200  ORR	R2, R1, R0, LSL #0
; pos end address is: 0 (R0)
0x0234	0x4909    LDR	R1, [PC, #36]
0x0236	0x600A    STR	R2, [R1, #0]
;__Lib_GPIO_32F10x.c, 98 :: 		
L_end_GPIO_Clk_Enable:
0x0238	0xB001    ADD	SP, SP, #4
0x023A	0x4770    BX	LR
0x023C	0xFC00FFFF  	#-1024
0x0240	0x08004001  	#1073809408
0x0244	0x0C004001  	#1073810432
0x0248	0x10004001  	#1073811456
0x024C	0x14004001  	#1073812480
0x0250	0x18004001  	#1073813504
0x0254	0x1C004001  	#1073814528
0x0258	0x20004001  	#1073815552
0x025C	0x10184002  	RCC_APB2ENR+0
; end of _GPIO_Clk_Enable
_UART1_Init:
;__Lib_UART_123_45.c, 401 :: 		
; baud_rate start address is: 0 (R0)
0x0A80	0xB081    SUB	SP, SP, #4
0x0A82	0xF8CDE000  STR	LR, [SP, #0]
; baud_rate end address is: 0 (R0)
; baud_rate start address is: 0 (R0)
;__Lib_UART_123_45.c, 402 :: 		
0x0A86	0x4A09    LDR	R2, [PC, #36]
0x0A88	0xF2400100  MOVW	R1, #0
0x0A8C	0xB404    PUSH	(R2)
0x0A8E	0xB402    PUSH	(R1)
0x0A90	0xF2400300  MOVW	R3, #0
0x0A94	0xF2400200  MOVW	R2, #0
0x0A98	0x4601    MOV	R1, R0
; baud_rate end address is: 0 (R0)
0x0A9A	0x4805    LDR	R0, [PC, #20]
0x0A9C	0xF7FFFCD8  BL	__Lib_UART_123_45_UARTx_Init_Advanced+0
0x0AA0	0xB002    ADD	SP, SP, #8
;__Lib_UART_123_45.c, 403 :: 		
L_end_UART1_Init:
0x0AA2	0xF8DDE000  LDR	LR, [SP, #0]
0x0AA6	0xB001    ADD	SP, SP, #4
0x0AA8	0x4770    BX	LR
0x0AAA	0xBF00    NOP
0x0AAC	0x0EC80000  	__GPIO_MODULE_USART1_PA9_10+0
0x0AB0	0x38004001  	USART1_SR+0
; end of _UART1_Init
__Lib_UART_123_45_UARTx_Init_Advanced:
;__Lib_UART_123_45.c, 294 :: 		
; parity start address is: 12 (R3)
; baud_rate start address is: 4 (R1)
; UART_Base start address is: 0 (R0)
0x0450	0xB089    SUB	SP, SP, #36
0x0452	0xF8CDE000  STR	LR, [SP, #0]
0x0456	0x4683    MOV	R11, R0
0x0458	0xB298    UXTH	R0, R3
0x045A	0x468C    MOV	R12, R1
; parity end address is: 12 (R3)
; baud_rate end address is: 4 (R1)
; UART_Base end address is: 0 (R0)
; UART_Base start address is: 44 (R11)
; baud_rate start address is: 48 (R12)
; parity start address is: 0 (R0)
; stop_bits start address is: 4 (R1)
0x045C	0xF8BD1024  LDRH	R1, [SP, #36]
; module start address is: 24 (R6)
0x0460	0x9E0A    LDR	R6, [SP, #40]
;__Lib_UART_123_45.c, 298 :: 		
0x0462	0xAC04    ADD	R4, SP, #16
0x0464	0xF8AD1004  STRH	R1, [SP, #4]
0x0468	0xF8AD0008  STRH	R0, [SP, #8]
0x046C	0x4620    MOV	R0, R4
0x046E	0xF7FFFEF7  BL	_RCC_GetClocksFrequency+0
0x0472	0xF8BD0008  LDRH	R0, [SP, #8]
0x0476	0xF8BD1004  LDRH	R1, [SP, #4]
;__Lib_UART_123_45.c, 301 :: 		
0x047A	0x4C64    LDR	R4, [PC, #400]
0x047C	0x45A3    CMP	R11, R4
0x047E	0xD112    BNE	L___Lib_UART_123_45_UARTx_Init_Advanced15
;__Lib_UART_123_45.c, 302 :: 		
0x0480	0x2501    MOVS	R5, #1
0x0482	0xB26D    SXTB	R5, R5
0x0484	0x4C62    LDR	R4, [PC, #392]
0x0486	0x6025    STR	R5, [R4, #0]
;__Lib_UART_123_45.c, 303 :: 		
0x0488	0x4D62    LDR	R5, [PC, #392]
0x048A	0x4C63    LDR	R4, [PC, #396]
0x048C	0x6025    STR	R5, [R4, #0]
;__Lib_UART_123_45.c, 304 :: 		
0x048E	0x4D63    LDR	R5, [PC, #396]
0x0490	0x4C63    LDR	R4, [PC, #396]
0x0492	0x6025    STR	R5, [R4, #0]
;__Lib_UART_123_45.c, 305 :: 		
0x0494	0x4D63    LDR	R5, [PC, #396]
0x0496	0x4C64    LDR	R4, [PC, #400]
0x0498	0x6025    STR	R5, [R4, #0]
;__Lib_UART_123_45.c, 306 :: 		
0x049A	0x4D64    LDR	R5, [PC, #400]
0x049C	0x4C64    LDR	R4, [PC, #400]
0x049E	0x6025    STR	R5, [R4, #0]
;__Lib_UART_123_45.c, 307 :: 		
0x04A0	0x9C07    LDR	R4, [SP, #28]
0x04A2	0x9403    STR	R4, [SP, #12]
;__Lib_UART_123_45.c, 308 :: 		
0x04A4	0xE056    B	L___Lib_UART_123_45_UARTx_Init_Advanced16
L___Lib_UART_123_45_UARTx_Init_Advanced15:
;__Lib_UART_123_45.c, 309 :: 		
0x04A6	0x4C63    LDR	R4, [PC, #396]
0x04A8	0x45A3    CMP	R11, R4
0x04AA	0xD112    BNE	L___Lib_UART_123_45_UARTx_Init_Advanced17
;__Lib_UART_123_45.c, 310 :: 		
0x04AC	0x2501    MOVS	R5, #1
0x04AE	0xB26D    SXTB	R5, R5
0x04B0	0x4C61    LDR	R4, [PC, #388]
0x04B2	0x6025    STR	R5, [R4, #0]
;__Lib_UART_123_45.c, 311 :: 		
0x04B4	0x4D61    LDR	R5, [PC, #388]
0x04B6	0x4C58    LDR	R4, [PC, #352]
0x04B8	0x6025    STR	R5, [R4, #0]
;__Lib_UART_123_45.c, 312 :: 		
0x04BA	0x4D61    LDR	R5, [PC, #388]
0x04BC	0x4C58    LDR	R4, [PC, #352]
0x04BE	0x6025    STR	R5, [R4, #0]
;__Lib_UART_123_45.c, 313 :: 		
0x04C0	0x4D60    LDR	R5, [PC, #384]
0x04C2	0x4C59    LDR	R4, [PC, #356]
0x04C4	0x6025    STR	R5, [R4, #0]
;__Lib_UART_123_45.c, 314 :: 		
0x04C6	0x4D60    LDR	R5, [PC, #384]
0x04C8	0x4C59    LDR	R4, [PC, #356]
0x04CA	0x6025    STR	R5, [R4, #0]
;__Lib_UART_123_45.c, 315 :: 		
0x04CC	0x9C06    LDR	R4, [SP, #24]
0x04CE	0x9403    STR	R4, [SP, #12]
;__Lib_UART_123_45.c, 316 :: 		
0x04D0	0xE040    B	L___Lib_UART_123_45_UARTx_Init_Advanced18
L___Lib_UART_123_45_UARTx_Init_Advanced17:
;__Lib_UART_123_45.c, 317 :: 		
0x04D2	0x4C5E    LDR	R4, [PC, #376]
0x04D4	0x45A3    CMP	R11, R4
0x04D6	0xD112    BNE	L___Lib_UART_123_45_UARTx_Init_Advanced19
;__Lib_UART_123_45.c, 318 :: 		
0x04D8	0x2501    MOVS	R5, #1
0x04DA	0xB26D    SXTB	R5, R5
0x04DC	0x4C5C    LDR	R4, [PC, #368]
0x04DE	0x6025    STR	R5, [R4, #0]
;__Lib_UART_123_45.c, 319 :: 		
0x04E0	0x4D5C    LDR	R5, [PC, #368]
0x04E2	0x4C4D    LDR	R4, [PC, #308]
0x04E4	0x6025    STR	R5, [R4, #0]
;__Lib_UART_123_45.c, 320 :: 		
0x04E6	0x4D5C    LDR	R5, [PC, #368]
0x04E8	0x4C4D    LDR	R4, [PC, #308]
0x04EA	0x6025    STR	R5, [R4, #0]
;__Lib_UART_123_45.c, 321 :: 		
0x04EC	0x4D5B    LDR	R5, [PC, #364]
0x04EE	0x4C4E    LDR	R4, [PC, #312]
0x04F0	0x6025    STR	R5, [R4, #0]
;__Lib_UART_123_45.c, 322 :: 		
0x04F2	0x4D5B    LDR	R5, [PC, #364]
0x04F4	0x4C4E    LDR	R4, [PC, #312]
0x04F6	0x6025    STR	R5, [R4, #0]
;__Lib_UART_123_45.c, 323 :: 		
0x04F8	0x9C06    LDR	R4, [SP, #24]
0x04FA	0x9403    STR	R4, [SP, #12]
;__Lib_UART_123_45.c, 324 :: 		
0x04FC	0xE02A    B	L___Lib_UART_123_45_UARTx_Init_Advanced20
L___Lib_UART_123_45_UARTx_Init_Advanced19:
;__Lib_UART_123_45.c, 325 :: 		
0x04FE	0x4C59    LDR	R4, [PC, #356]
0x0500	0x45A3    CMP	R11, R4
0x0502	0xD112    BNE	L___Lib_UART_123_45_UARTx_Init_Advanced21
;__Lib_UART_123_45.c, 326 :: 		
0x0504	0x2501    MOVS	R5, #1
0x0506	0xB26D    SXTB	R5, R5
0x0508	0x4C57    LDR	R4, [PC, #348]
0x050A	0x6025    STR	R5, [R4, #0]
;__Lib_UART_123_45.c, 327 :: 		
0x050C	0x4D57    LDR	R5, [PC, #348]
0x050E	0x4C42    LDR	R4, [PC, #264]
0x0510	0x6025    STR	R5, [R4, #0]
;__Lib_UART_123_45.c, 328 :: 		
0x0512	0x4D57    LDR	R5, [PC, #348]
0x0514	0x4C42    LDR	R4, [PC, #264]
0x0516	0x6025    STR	R5, [R4, #0]
;__Lib_UART_123_45.c, 329 :: 		
0x0518	0x4D56    LDR	R5, [PC, #344]
0x051A	0x4C43    LDR	R4, [PC, #268]
0x051C	0x6025    STR	R5, [R4, #0]
;__Lib_UART_123_45.c, 330 :: 		
0x051E	0x4D56    LDR	R5, [PC, #344]
0x0520	0x4C43    LDR	R4, [PC, #268]
0x0522	0x6025    STR	R5, [R4, #0]
;__Lib_UART_123_45.c, 331 :: 		
0x0524	0x9C06    LDR	R4, [SP, #24]
0x0526	0x9403    STR	R4, [SP, #12]
;__Lib_UART_123_45.c, 332 :: 		
0x0528	0xE014    B	L___Lib_UART_123_45_UARTx_Init_Advanced22
L___Lib_UART_123_45_UARTx_Init_Advanced21:
;__Lib_UART_123_45.c, 333 :: 		
0x052A	0x4C54    LDR	R4, [PC, #336]
0x052C	0x45A3    CMP	R11, R4
0x052E	0xD111    BNE	L___Lib_UART_123_45_UARTx_Init_Advanced23
;__Lib_UART_123_45.c, 334 :: 		
0x0530	0x2501    MOVS	R5, #1
0x0532	0xB26D    SXTB	R5, R5
0x0534	0x4C52    LDR	R4, [PC, #328]
0x0536	0x6025    STR	R5, [R4, #0]
;__Lib_UART_123_45.c, 335 :: 		
0x0538	0x4D52    LDR	R5, [PC, #328]
0x053A	0x4C37    LDR	R4, [PC, #220]
0x053C	0x6025    STR	R5, [R4, #0]
;__Lib_UART_123_45.c, 336 :: 		
0x053E	0x4D52    LDR	R5, [PC, #328]
0x0540	0x4C37    LDR	R4, [PC, #220]
0x0542	0x6025    STR	R5, [R4, #0]
;__Lib_UART_123_45.c, 337 :: 		
0x0544	0x4D51    LDR	R5, [PC, #324]
0x0546	0x4C38    LDR	R4, [PC, #224]
0x0548	0x6025    STR	R5, [R4, #0]
;__Lib_UART_123_45.c, 338 :: 		
0x054A	0x4D51    LDR	R5, [PC, #324]
0x054C	0x4C38    LDR	R4, [PC, #224]
0x054E	0x6025    STR	R5, [R4, #0]
;__Lib_UART_123_45.c, 339 :: 		
0x0550	0x9C06    LDR	R4, [SP, #24]
0x0552	0x9403    STR	R4, [SP, #12]
;__Lib_UART_123_45.c, 340 :: 		
L___Lib_UART_123_45_UARTx_Init_Advanced23:
L___Lib_UART_123_45_UARTx_Init_Advanced22:
L___Lib_UART_123_45_UARTx_Init_Advanced20:
L___Lib_UART_123_45_UARTx_Init_Advanced18:
L___Lib_UART_123_45_UARTx_Init_Advanced16:
;__Lib_UART_123_45.c, 342 :: 		
0x0554	0xF8AD1004  STRH	R1, [SP, #4]
; module end address is: 24 (R6)
0x0558	0xF8AD0008  STRH	R0, [SP, #8]
0x055C	0x4630    MOV	R0, R6
0x055E	0xF7FFFED3  BL	_GPIO_Alternate_Function_Enable+0
0x0562	0xF8BD0008  LDRH	R0, [SP, #8]
0x0566	0xF8BD1004  LDRH	R1, [SP, #4]
;__Lib_UART_123_45.c, 344 :: 		
0x056A	0xF10B0510  ADD	R5, R11, #16
0x056E	0x2400    MOVS	R4, #0
0x0570	0x602C    STR	R4, [R5, #0]
;__Lib_UART_123_45.c, 345 :: 		
0x0572	0xF10B0510  ADD	R5, R11, #16
0x0576	0x682C    LDR	R4, [R5, #0]
0x0578	0x430C    ORRS	R4, R1
; stop_bits end address is: 4 (R1)
0x057A	0x602C    STR	R4, [R5, #0]
;__Lib_UART_123_45.c, 346 :: 		
0x057C	0xF10B050C  ADD	R5, R11, #12
0x0580	0x2400    MOVS	R4, #0
0x0582	0x602C    STR	R4, [R5, #0]
;__Lib_UART_123_45.c, 348 :: 		
0x0584	0xB118    CBZ	R0, L___Lib_UART_123_45_UARTx_Init_Advanced38
;__Lib_UART_123_45.c, 349 :: 		
0x0586	0xF4406080  ORR	R0, R0, #1024
0x058A	0xB280    UXTH	R0, R0
; parity end address is: 0 (R0)
;__Lib_UART_123_45.c, 350 :: 		
0x058C	0xE7FF    B	L___Lib_UART_123_45_UARTx_Init_Advanced24
L___Lib_UART_123_45_UARTx_Init_Advanced38:
;__Lib_UART_123_45.c, 348 :: 		
;__Lib_UART_123_45.c, 350 :: 		
L___Lib_UART_123_45_UARTx_Init_Advanced24:
;__Lib_UART_123_45.c, 352 :: 		
; parity start address is: 0 (R0)
0x058E	0xF10B050C  ADD	R5, R11, #12
0x0592	0x682C    LDR	R4, [R5, #0]
0x0594	0x4304    ORRS	R4, R0
; parity end address is: 0 (R0)
0x0596	0x602C    STR	R4, [R5, #0]
;__Lib_UART_123_45.c, 354 :: 		
0x0598	0xF10B060C  ADD	R6, R11, #12
0x059C	0x2501    MOVS	R5, #1
0x059E	0x6834    LDR	R4, [R6, #0]
0x05A0	0xF365344D  BFI	R4, R5, #13, #1
0x05A4	0x6034    STR	R4, [R6, #0]
;__Lib_UART_123_45.c, 355 :: 		
0x05A6	0xF10B060C  ADD	R6, R11, #12
0x05AA	0x2501    MOVS	R5, #1
0x05AC	0x6834    LDR	R4, [R6, #0]
0x05AE	0xF36504C3  BFI	R4, R5, #3, #1
0x05B2	0x6034    STR	R4, [R6, #0]
;__Lib_UART_123_45.c, 356 :: 		
0x05B4	0xF10B060C  ADD	R6, R11, #12
0x05B8	0x2501    MOVS	R5, #1
0x05BA	0x6834    LDR	R4, [R6, #0]
0x05BC	0xF3650482  BFI	R4, R5, #2, #1
0x05C0	0x6034    STR	R4, [R6, #0]
;__Lib_UART_123_45.c, 357 :: 		
0x05C2	0xF10B0514  ADD	R5, R11, #20
0x05C6	0x2400    MOVS	R4, #0
0x05C8	0x602C    STR	R4, [R5, #0]
;__Lib_UART_123_45.c, 362 :: 		
0x05CA	0x9D03    LDR	R5, [SP, #12]
0x05CC	0x2419    MOVS	R4, #25
0x05CE	0x4365    MULS	R5, R4, R5
0x05D0	0xEA4F048C  LSL	R4, R12, #2
; baud_rate end address is: 48 (R12)
0x05D4	0xFBB5F7F4  UDIV	R7, R5, R4
;__Lib_UART_123_45.c, 363 :: 		
0x05D8	0x2464    MOVS	R4, #100
0x05DA	0xFBB7F4F4  UDIV	R4, R7, R4
0x05DE	0x0126    LSLS	R6, R4, #4
;__Lib_UART_123_45.c, 365 :: 		
0x05E0	0x0935    LSRS	R5, R6, #4
0x05E2	0x2464    MOVS	R4, #100
0x05E4	0x436C    MULS	R4, R5, R4
0x05E6	0x1B3C    SUB	R4, R7, R4
;__Lib_UART_123_45.c, 366 :: 		
0x05E8	0x0124    LSLS	R4, R4, #4
0x05EA	0xF2040532  ADDW	R5, R4, #50
0x05EE	0x2464    MOVS	R4, #100
0x05F0	0xFBB5F4F4  UDIV	R4, R5, R4
0x05F4	0xF004040F  AND	R4, R4, #15
0x05F8	0xEA460404  ORR	R4, R6, R4, LSL #0
;__Lib_UART_123_45.c, 368 :: 		
0x05FC	0xF10B0508  ADD	R5, R11, #8
; UART_Base end address is: 44 (R11)
0x0600	0xB2A4    UXTH	R4, R4
0x0602	0x602C    STR	R4, [R5, #0]
;__Lib_UART_123_45.c, 369 :: 		
L_end_UARTx_Init_Advanced:
0x0604	0xF8DDE000  LDR	LR, [SP, #0]
0x0608	0xB009    ADD	SP, SP, #36
0x060A	0x4770    BX	LR
0x060C	0x38004001  	USART1_SR+0
0x0610	0x03384242  	RCC_APB2ENR+0
0x0614	0xFFFFFFFF  	_UART1_Write+0
0x0618	0x00082000  	_UART_Wr_Ptr+0
0x061C	0x08D10000  	_UART1_Read+0
0x0620	0x000C2000  	_UART_Rd_Ptr+0
0x0624	0x0B750000  	_UART1_Data_Ready+0
0x0628	0x00102000  	_UART_Rdy_Ptr+0
0x062C	0xFFFFFFFF  	_UART1_Tx_Idle+0
0x0630	0x00142000  	_UART_Tx_Idle_Ptr+0
0x0634	0x44004000  	USART2_SR+0
0x0638	0x03C44242  	RCC_APB1ENR+0
0x063C	0x0B8D0000  	_UART2_Write+0
0x0640	0xFFFFFFFF  	_UART2_Read+0
0x0644	0xFFFFFFFF  	_UART2_Data_Ready+0
0x0648	0xFFFFFFFF  	_UART2_Tx_Idle+0
0x064C	0x48004000  	USART3_SR+0
0x0650	0x03C84242  	RCC_APB1ENR+0
0x0654	0xFFFFFFFF  	_UART3_Write+0
0x0658	0xFFFFFFFF  	_UART3_Read+0
0x065C	0xFFFFFFFF  	_UART3_Data_Ready+0
0x0660	0xFFFFFFFF  	_UART3_Tx_Idle+0
0x0664	0x4C004000  	UART4_SR+0
0x0668	0x03CC4242  	RCC_APB1ENR+0
0x066C	0xFFFFFFFF  	_UART4_Write+0
0x0670	0xFFFFFFFF  	_UART4_Read+0
0x0674	0xFFFFFFFF  	_UART4_Data_Ready+0
0x0678	0xFFFFFFFF  	_UART4_Tx_Idle+0
0x067C	0x50004000  	UART5_SR+0
0x0680	0x03D04242  	RCC_APB1ENR+0
0x0684	0xFFFFFFFF  	_UART5_Write+0
0x0688	0xFFFFFFFF  	_UART5_Read+0
0x068C	0xFFFFFFFF  	_UART5_Data_Ready+0
0x0690	0xFFFFFFFF  	_UART5_Tx_Idle+0
; end of __Lib_UART_123_45_UARTx_Init_Advanced
_RCC_GetClocksFrequency:
;__Lib_System_101_102_103.c, 422 :: 		
; RCC_Clocks start address is: 0 (R0)
0x0260	0xB082    SUB	SP, SP, #8
0x0262	0xF8CDE000  STR	LR, [SP, #0]
0x0266	0x4603    MOV	R3, R0
; RCC_Clocks end address is: 0 (R0)
; RCC_Clocks start address is: 12 (R3)
;__Lib_System_101_102_103.c, 425 :: 		
0x0268	0x4619    MOV	R1, R3
0x026A	0x9101    STR	R1, [SP, #4]
0x026C	0xF7FFFF60  BL	_Get_Fosc_kHz+0
0x0270	0xF24031E8  MOVW	R1, #1000
0x0274	0xFB00F201  MUL	R2, R0, R1
0x0278	0x9901    LDR	R1, [SP, #4]
0x027A	0x600A    STR	R2, [R1, #0]
;__Lib_System_101_102_103.c, 428 :: 		
0x027C	0x491F    LDR	R1, [PC, #124]
0x027E	0x7809    LDRB	R1, [R1, #0]
0x0280	0xF3C11103  UBFX	R1, R1, #4, #4
; tmp start address is: 0 (R0)
0x0284	0xB2C8    UXTB	R0, R1
;__Lib_System_101_102_103.c, 429 :: 		
0x0286	0x491E    LDR	R1, [PC, #120]
0x0288	0x1809    ADDS	R1, R1, R0
; tmp end address is: 0 (R0)
0x028A	0x7808    LDRB	R0, [R1, #0]
; presc start address is: 0 (R0)
0x028C	0xB2C0    UXTB	R0, R0
;__Lib_System_101_102_103.c, 431 :: 		
0x028E	0x1D1A    ADDS	R2, R3, #4
0x0290	0x6819    LDR	R1, [R3, #0]
0x0292	0x40C1    LSRS	R1, R0
; presc end address is: 0 (R0)
0x0294	0x6011    STR	R1, [R2, #0]
;__Lib_System_101_102_103.c, 433 :: 		
0x0296	0x4919    LDR	R1, [PC, #100]
0x0298	0x8809    LDRH	R1, [R1, #0]
0x029A	0xF3C12102  UBFX	R1, R1, #8, #3
; tmp start address is: 0 (R0)
0x029E	0xB288    UXTH	R0, R1
;__Lib_System_101_102_103.c, 434 :: 		
0x02A0	0x4917    LDR	R1, [PC, #92]
0x02A2	0x1809    ADDS	R1, R1, R0
; tmp end address is: 0 (R0)
0x02A4	0x7808    LDRB	R0, [R1, #0]
; presc start address is: 0 (R0)
0x02A6	0xB2C0    UXTB	R0, R0
;__Lib_System_101_102_103.c, 436 :: 		
0x02A8	0xF2030208  ADDW	R2, R3, #8
0x02AC	0x1D19    ADDS	R1, R3, #4
0x02AE	0x6809    LDR	R1, [R1, #0]
0x02B0	0x40C1    LSRS	R1, R0
; presc end address is: 0 (R0)
0x02B2	0x6011    STR	R1, [R2, #0]
;__Lib_System_101_102_103.c, 438 :: 		
0x02B4	0x4911    LDR	R1, [PC, #68]
0x02B6	0x8809    LDRH	R1, [R1, #0]
0x02B8	0xF3C121C2  UBFX	R1, R1, #11, #3
; tmp start address is: 0 (R0)
0x02BC	0xB288    UXTH	R0, R1
;__Lib_System_101_102_103.c, 439 :: 		
0x02BE	0x4910    LDR	R1, [PC, #64]
0x02C0	0x1809    ADDS	R1, R1, R0
; tmp end address is: 0 (R0)
0x02C2	0x7808    LDRB	R0, [R1, #0]
; presc start address is: 0 (R0)
0x02C4	0xB2C0    UXTB	R0, R0
;__Lib_System_101_102_103.c, 441 :: 		
0x02C6	0xF203020C  ADDW	R2, R3, #12
0x02CA	0x1D19    ADDS	R1, R3, #4
0x02CC	0x6809    LDR	R1, [R1, #0]
0x02CE	0x40C1    LSRS	R1, R0
; presc end address is: 0 (R0)
0x02D0	0x6011    STR	R1, [R2, #0]
;__Lib_System_101_102_103.c, 443 :: 		
0x02D2	0x490A    LDR	R1, [PC, #40]
0x02D4	0x8809    LDRH	R1, [R1, #0]
0x02D6	0xF3C13181  UBFX	R1, R1, #14, #2
; tmp start address is: 0 (R0)
0x02DA	0xB288    UXTH	R0, R1
;__Lib_System_101_102_103.c, 444 :: 		
0x02DC	0x4909    LDR	R1, [PC, #36]
0x02DE	0x1809    ADDS	R1, R1, R0
; tmp end address is: 0 (R0)
0x02E0	0x7809    LDRB	R1, [R1, #0]
; presc start address is: 0 (R0)
0x02E2	0xB2C8    UXTB	R0, R1
;__Lib_System_101_102_103.c, 446 :: 		
0x02E4	0xF2030210  ADDW	R2, R3, #16
0x02E8	0xF203010C  ADDW	R1, R3, #12
; RCC_Clocks end address is: 12 (R3)
0x02EC	0x6809    LDR	R1, [R1, #0]
0x02EE	0xFBB1F1F0  UDIV	R1, R1, R0
; presc end address is: 0 (R0)
0x02F2	0x6011    STR	R1, [R2, #0]
;__Lib_System_101_102_103.c, 447 :: 		
L_end_RCC_GetClocksFrequency:
0x02F4	0xF8DDE000  LDR	LR, [SP, #0]
0x02F8	0xB002    ADD	SP, SP, #8
0x02FA	0x4770    BX	LR
0x02FC	0x10044002  	RCC_CFGRbits+0
0x0300	0x0F340000  	__Lib_System_101_102_103_APBAHBPrescTable+0
0x0304	0x0FA40000  	__Lib_System_101_102_103_ADCPrescTable+0
; end of _RCC_GetClocksFrequency
_Get_Fosc_kHz:
;__Lib_Delays.c, 9 :: 		unsigned long Get_Fosc_kHz(){
;__Lib_Delays.c, 10 :: 		return __System_CLOCK_IN_KHZ;
0x0130	0x4801    LDR	R0, [PC, #4]
0x0132	0x6800    LDR	R0, [R0, #0]
;__Lib_Delays.c, 11 :: 		}
L_end_Get_Fosc_kHz:
0x0134	0x4770    BX	LR
0x0136	0xBF00    NOP
0x0138	0x00042000  	___System_CLOCK_IN_KHZ+0
; end of _Get_Fosc_kHz
_GPIO_Alternate_Function_Enable:
;__Lib_GPIO_32F10x.c, 303 :: 		
; module start address is: 0 (R0)
0x0308	0xB081    SUB	SP, SP, #4
0x030A	0xF8CDE000  STR	LR, [SP, #0]
; module end address is: 0 (R0)
; module start address is: 0 (R0)
;__Lib_GPIO_32F10x.c, 304 :: 		
;__Lib_GPIO_32F10x.c, 305 :: 		
;__Lib_GPIO_32F10x.c, 307 :: 		
0x030E	0x2201    MOVS	R2, #1
0x0310	0xB252    SXTB	R2, R2
0x0312	0x493E    LDR	R1, [PC, #248]
0x0314	0x600A    STR	R2, [R1, #0]
;__Lib_GPIO_32F10x.c, 309 :: 		
0x0316	0xF2000168  ADDW	R1, R0, #104
0x031A	0x680B    LDR	R3, [R1, #0]
0x031C	0xF06F6100  MVN	R1, #134217728
0x0320	0xEA030201  AND	R2, R3, R1, LSL #0
; gpio_remap start address is: 16 (R4)
0x0324	0x4614    MOV	R4, R2
;__Lib_GPIO_32F10x.c, 310 :: 		
0x0326	0xF0036100  AND	R1, R3, #134217728
0x032A	0x0EC9    LSRS	R1, R1, #27
; newstate start address is: 12 (R3)
0x032C	0x460B    MOV	R3, R1
;__Lib_GPIO_32F10x.c, 312 :: 		
0x032E	0xF0024100  AND	R1, R2, #-2147483648
0x0332	0xF1B14F00  CMP	R1, #-2147483648
0x0336	0xD102    BNE	L_GPIO_Alternate_Function_Enable66
;__Lib_GPIO_32F10x.c, 314 :: 		
0x0338	0x4935    LDR	R1, [PC, #212]
; tmpreg start address is: 8 (R2)
0x033A	0x680A    LDR	R2, [R1, #0]
;__Lib_GPIO_32F10x.c, 315 :: 		
; tmpreg end address is: 8 (R2)
0x033C	0xE001    B	L_GPIO_Alternate_Function_Enable67
L_GPIO_Alternate_Function_Enable66:
;__Lib_GPIO_32F10x.c, 318 :: 		
0x033E	0x4935    LDR	R1, [PC, #212]
; tmpreg start address is: 8 (R2)
0x0340	0x680A    LDR	R2, [R1, #0]
; tmpreg end address is: 8 (R2)
;__Lib_GPIO_32F10x.c, 319 :: 		
L_GPIO_Alternate_Function_Enable67:
;__Lib_GPIO_32F10x.c, 321 :: 		
; tmpreg start address is: 8 (R2)
0x0342	0xF4042170  AND	R1, R4, #983040
0x0346	0x0C09    LSRS	R1, R1, #16
; tmpmask start address is: 24 (R6)
0x0348	0x460E    MOV	R6, R1
;__Lib_GPIO_32F10x.c, 322 :: 		
0x034A	0xF64F71FF  MOVW	R1, #65535
0x034E	0xEA040101  AND	R1, R4, R1, LSL #0
; tmp start address is: 20 (R5)
0x0352	0x460D    MOV	R5, R1
;__Lib_GPIO_32F10x.c, 324 :: 		
0x0354	0xF4041140  AND	R1, R4, #3145728
0x0358	0xF5B11F40  CMP	R1, #3145728
0x035C	0xD10D    BNE	L_GPIO_Alternate_Function_Enable68
; tmpmask end address is: 24 (R6)
;__Lib_GPIO_32F10x.c, 326 :: 		
0x035E	0xF06F6170  MVN	R1, #251658240
0x0362	0xEA020101  AND	R1, R2, R1, LSL #0
; tmpreg end address is: 8 (R2)
; tmpreg start address is: 24 (R6)
0x0366	0x460E    MOV	R6, R1
;__Lib_GPIO_32F10x.c, 327 :: 		
0x0368	0x492A    LDR	R1, [PC, #168]
0x036A	0x680A    LDR	R2, [R1, #0]
0x036C	0xF06F6170  MVN	R1, #251658240
0x0370	0x400A    ANDS	R2, R1
0x0372	0x4928    LDR	R1, [PC, #160]
0x0374	0x600A    STR	R2, [R1, #0]
;__Lib_GPIO_32F10x.c, 328 :: 		
0x0376	0x4632    MOV	R2, R6
; tmpreg end address is: 24 (R6)
0x0378	0xE016    B	L_GPIO_Alternate_Function_Enable69
L_GPIO_Alternate_Function_Enable68:
;__Lib_GPIO_32F10x.c, 329 :: 		
; tmpreg start address is: 8 (R2)
; tmpmask start address is: 24 (R6)
0x037A	0xF4041180  AND	R1, R4, #1048576
0x037E	0xF5B11F80  CMP	R1, #1048576
0x0382	0xD109    BNE	L_GPIO_Alternate_Function_Enable70
;__Lib_GPIO_32F10x.c, 331 :: 		
0x0384	0xF04F0103  MOV	R1, #3
0x0388	0x40B1    LSLS	R1, R6
; tmpmask end address is: 24 (R6)
;__Lib_GPIO_32F10x.c, 332 :: 		
0x038A	0x43C9    MVN	R1, R1
0x038C	0xEA020101  AND	R1, R2, R1, LSL #0
; tmpreg end address is: 8 (R2)
;__Lib_GPIO_32F10x.c, 333 :: 		
0x0390	0xF0416170  ORR	R1, R1, #251658240
; tmpreg start address is: 4 (R1)
;__Lib_GPIO_32F10x.c, 334 :: 		
0x0394	0x460A    MOV	R2, R1
; tmpreg end address is: 4 (R1)
0x0396	0xE007    B	L_GPIO_Alternate_Function_Enable71
L_GPIO_Alternate_Function_Enable70:
;__Lib_GPIO_32F10x.c, 337 :: 		
; tmpreg start address is: 8 (R2)
0x0398	0x0D61    LSRS	R1, R4, #21
0x039A	0x0109    LSLS	R1, R1, #4
0x039C	0xFA05F101  LSL	R1, R5, R1
0x03A0	0x43C9    MVN	R1, R1
0x03A2	0x400A    ANDS	R2, R1
; tmpreg end address is: 8 (R2)
;__Lib_GPIO_32F10x.c, 338 :: 		
0x03A4	0xF0426270  ORR	R2, R2, #251658240
; tmpreg start address is: 8 (R2)
; tmpreg end address is: 8 (R2)
;__Lib_GPIO_32F10x.c, 339 :: 		
L_GPIO_Alternate_Function_Enable71:
; tmpreg start address is: 8 (R2)
; tmpreg end address is: 8 (R2)
L_GPIO_Alternate_Function_Enable69:
;__Lib_GPIO_32F10x.c, 341 :: 		
; tmpreg start address is: 8 (R2)
0x03A8	0xB12B    CBZ	R3, L__GPIO_Alternate_Function_Enable106
; newstate end address is: 12 (R3)
;__Lib_GPIO_32F10x.c, 343 :: 		
0x03AA	0x0D61    LSRS	R1, R4, #21
0x03AC	0x0109    LSLS	R1, R1, #4
0x03AE	0xFA05F101  LSL	R1, R5, R1
; tmp end address is: 20 (R5)
0x03B2	0x430A    ORRS	R2, R1
; tmpreg end address is: 8 (R2)
;__Lib_GPIO_32F10x.c, 344 :: 		
0x03B4	0xE7FF    B	L_GPIO_Alternate_Function_Enable72
L__GPIO_Alternate_Function_Enable106:
;__Lib_GPIO_32F10x.c, 341 :: 		
;__Lib_GPIO_32F10x.c, 344 :: 		
L_GPIO_Alternate_Function_Enable72:
;__Lib_GPIO_32F10x.c, 346 :: 		
; tmpreg start address is: 8 (R2)
0x03B6	0xF0044100  AND	R1, R4, #-2147483648
; gpio_remap end address is: 16 (R4)
0x03BA	0xF1B14F00  CMP	R1, #-2147483648
0x03BE	0xD102    BNE	L_GPIO_Alternate_Function_Enable73
;__Lib_GPIO_32F10x.c, 348 :: 		
0x03C0	0x4913    LDR	R1, [PC, #76]
0x03C2	0x600A    STR	R2, [R1, #0]
; tmpreg end address is: 8 (R2)
;__Lib_GPIO_32F10x.c, 349 :: 		
0x03C4	0xE001    B	L_GPIO_Alternate_Function_Enable74
L_GPIO_Alternate_Function_Enable73:
;__Lib_GPIO_32F10x.c, 352 :: 		
; tmpreg start address is: 8 (R2)
0x03C6	0x4913    LDR	R1, [PC, #76]
0x03C8	0x600A    STR	R2, [R1, #0]
; tmpreg end address is: 8 (R2)
;__Lib_GPIO_32F10x.c, 353 :: 		
L_GPIO_Alternate_Function_Enable74:
;__Lib_GPIO_32F10x.c, 356 :: 		
; i start address is: 40 (R10)
0x03CA	0xF2400A00  MOVW	R10, #0
; module end address is: 0 (R0)
; i end address is: 40 (R10)
0x03CE	0x4681    MOV	R9, R0
;__Lib_GPIO_32F10x.c, 357 :: 		
L_GPIO_Alternate_Function_Enable75:
; i start address is: 40 (R10)
; module start address is: 36 (R9)
0x03D0	0xEA4F018A  LSL	R1, R10, #2
0x03D4	0xEB090101  ADD	R1, R9, R1, LSL #0
0x03D8	0x6809    LDR	R1, [R1, #0]
0x03DA	0xF1B13FFF  CMP	R1, #-1
0x03DE	0xD010    BEQ	L_GPIO_Alternate_Function_Enable76
;__Lib_GPIO_32F10x.c, 358 :: 		
0x03E0	0xF1090134  ADD	R1, R9, #52
0x03E4	0xEA4F038A  LSL	R3, R10, #2
0x03E8	0x18C9    ADDS	R1, R1, R3
0x03EA	0x6809    LDR	R1, [R1, #0]
0x03EC	0x460A    MOV	R2, R1
0x03EE	0xEB090103  ADD	R1, R9, R3, LSL #0
0x03F2	0x6809    LDR	R1, [R1, #0]
0x03F4	0x4608    MOV	R0, R1
0x03F6	0x4611    MOV	R1, R2
0x03F8	0xF7FFFEA0  BL	__Lib_GPIO_32F10x_GPIO_Configure_Pin+0
;__Lib_GPIO_32F10x.c, 359 :: 		
0x03FC	0xF10A0A01  ADD	R10, R10, #1
;__Lib_GPIO_32F10x.c, 360 :: 		
; module end address is: 36 (R9)
; i end address is: 40 (R10)
0x0400	0xE7E6    B	L_GPIO_Alternate_Function_Enable75
L_GPIO_Alternate_Function_Enable76:
;__Lib_GPIO_32F10x.c, 363 :: 		
L_end_GPIO_Alternate_Function_Enable:
0x0402	0xF8DDE000  LDR	LR, [SP, #0]
0x0406	0xB001    ADD	SP, SP, #4
0x0408	0x4770    BX	LR
0x040A	0xBF00    NOP
0x040C	0x03004242  	RCC_APB2ENRbits+0
0x0410	0x001C4001  	AFIO_MAPR2+0
0x0414	0x00044001  	AFIO_MAPR+0
; end of _GPIO_Alternate_Function_Enable
__Lib_GPIO_32F10x_GPIO_Configure_Pin:
;__Lib_GPIO_32F10x.c, 282 :: 		
; config start address is: 4 (R1)
; af_pin start address is: 0 (R0)
0x013C	0xB083    SUB	SP, SP, #12
0x013E	0xF8CDE000  STR	LR, [SP, #0]
; config end address is: 4 (R1)
; af_pin end address is: 0 (R0)
; af_pin start address is: 0 (R0)
; config start address is: 4 (R1)
;__Lib_GPIO_32F10x.c, 286 :: 		
0x0142	0xF00003FF  AND	R3, R0, #255
; af_pin end address is: 0 (R0)
0x0146	0x091A    LSRS	R2, R3, #4
; port start address is: 0 (R0)
0x0148	0x4610    MOV	R0, R2
;__Lib_GPIO_32F10x.c, 287 :: 		
0x014A	0xF003020F  AND	R2, R3, #15
; pin start address is: 12 (R3)
0x014E	0x4613    MOV	R3, R2
;__Lib_GPIO_32F10x.c, 290 :: 		
0x0150	0xE014    B	L___Lib_GPIO_32F10x_GPIO_Configure_Pin57
; port end address is: 0 (R0)
;__Lib_GPIO_32F10x.c, 291 :: 		
L___Lib_GPIO_32F10x_GPIO_Configure_Pin59:
0x0152	0x4A19    LDR	R2, [PC, #100]
0x0154	0x9202    STR	R2, [SP, #8]
0x0156	0xE01F    B	L___Lib_GPIO_32F10x_GPIO_Configure_Pin58
;__Lib_GPIO_32F10x.c, 292 :: 		
L___Lib_GPIO_32F10x_GPIO_Configure_Pin60:
0x0158	0x4A18    LDR	R2, [PC, #96]
0x015A	0x9202    STR	R2, [SP, #8]
0x015C	0xE01C    B	L___Lib_GPIO_32F10x_GPIO_Configure_Pin58
;__Lib_GPIO_32F10x.c, 293 :: 		
L___Lib_GPIO_32F10x_GPIO_Configure_Pin61:
0x015E	0x4A18    LDR	R2, [PC, #96]
0x0160	0x9202    STR	R2, [SP, #8]
0x0162	0xE019    B	L___Lib_GPIO_32F10x_GPIO_Configure_Pin58
;__Lib_GPIO_32F10x.c, 294 :: 		
L___Lib_GPIO_32F10x_GPIO_Configure_Pin62:
0x0164	0x4A17    LDR	R2, [PC, #92]
0x0166	0x9202    STR	R2, [SP, #8]
0x0168	0xE016    B	L___Lib_GPIO_32F10x_GPIO_Configure_Pin58
;__Lib_GPIO_32F10x.c, 295 :: 		
L___Lib_GPIO_32F10x_GPIO_Configure_Pin63:
0x016A	0x4A17    LDR	R2, [PC, #92]
0x016C	0x9202    STR	R2, [SP, #8]
0x016E	0xE013    B	L___Lib_GPIO_32F10x_GPIO_Configure_Pin58
;__Lib_GPIO_32F10x.c, 296 :: 		
L___Lib_GPIO_32F10x_GPIO_Configure_Pin64:
0x0170	0x4A16    LDR	R2, [PC, #88]
0x0172	0x9202    STR	R2, [SP, #8]
0x0174	0xE010    B	L___Lib_GPIO_32F10x_GPIO_Configure_Pin58
;__Lib_GPIO_32F10x.c, 297 :: 		
L___Lib_GPIO_32F10x_GPIO_Configure_Pin65:
0x0176	0x4A16    LDR	R2, [PC, #88]
0x0178	0x9202    STR	R2, [SP, #8]
0x017A	0xE00D    B	L___Lib_GPIO_32F10x_GPIO_Configure_Pin58
;__Lib_GPIO_32F10x.c, 298 :: 		
L___Lib_GPIO_32F10x_GPIO_Configure_Pin57:
; port start address is: 0 (R0)
0x017C	0x2800    CMP	R0, #0
0x017E	0xD0E8    BEQ	L___Lib_GPIO_32F10x_GPIO_Configure_Pin59
0x0180	0x2801    CMP	R0, #1
0x0182	0xD0E9    BEQ	L___Lib_GPIO_32F10x_GPIO_Configure_Pin60
0x0184	0x2802    CMP	R0, #2
0x0186	0xD0EA    BEQ	L___Lib_GPIO_32F10x_GPIO_Configure_Pin61
0x0188	0x2803    CMP	R0, #3
0x018A	0xD0EB    BEQ	L___Lib_GPIO_32F10x_GPIO_Configure_Pin62
0x018C	0x2804    CMP	R0, #4
0x018E	0xD0EC    BEQ	L___Lib_GPIO_32F10x_GPIO_Configure_Pin63
0x0190	0x2805    CMP	R0, #5
0x0192	0xD0ED    BEQ	L___Lib_GPIO_32F10x_GPIO_Configure_Pin64
0x0194	0x2806    CMP	R0, #6
0x0196	0xD0EE    BEQ	L___Lib_GPIO_32F10x_GPIO_Configure_Pin65
; port end address is: 0 (R0)
L___Lib_GPIO_32F10x_GPIO_Configure_Pin58:
;__Lib_GPIO_32F10x.c, 300 :: 		
0x0198	0x2201    MOVS	R2, #1
0x019A	0xB212    SXTH	R2, R2
0x019C	0x409A    LSLS	R2, R3
; pin end address is: 12 (R3)
0x019E	0xF8AD2004  STRH	R2, [SP, #4]
; config end address is: 4 (R1)
0x01A2	0x9802    LDR	R0, [SP, #8]
0x01A4	0x460A    MOV	R2, R1
0x01A6	0xF8BD1004  LDRH	R1, [SP, #4]
0x01AA	0xF000FA73  BL	_GPIO_Config+0
;__Lib_GPIO_32F10x.c, 301 :: 		
L_end_GPIO_Configure_Pin:
0x01AE	0xF8DDE000  LDR	LR, [SP, #0]
0x01B2	0xB003    ADD	SP, SP, #12
0x01B4	0x4770    BX	LR
0x01B6	0xBF00    NOP
0x01B8	0x08004001  	#1073809408
0x01BC	0x0C004001  	#1073810432
0x01C0	0x10004001  	#1073811456
0x01C4	0x14004001  	#1073812480
0x01C8	0x18004001  	#1073813504
0x01CC	0x1C004001  	#1073814528
0x01D0	0x20004001  	#1073815552
; end of __Lib_GPIO_32F10x_GPIO_Configure_Pin
_UART2_Init:
;__Lib_UART_123_45.c, 405 :: 		
; baud_rate start address is: 0 (R0)
0x0B04	0xB081    SUB	SP, SP, #4
0x0B06	0xF8CDE000  STR	LR, [SP, #0]
; baud_rate end address is: 0 (R0)
; baud_rate start address is: 0 (R0)
;__Lib_UART_123_45.c, 406 :: 		
0x0B0A	0x4A09    LDR	R2, [PC, #36]
0x0B0C	0xF2400100  MOVW	R1, #0
0x0B10	0xB404    PUSH	(R2)
0x0B12	0xB402    PUSH	(R1)
0x0B14	0xF2400300  MOVW	R3, #0
0x0B18	0xF2400200  MOVW	R2, #0
0x0B1C	0x4601    MOV	R1, R0
; baud_rate end address is: 0 (R0)
0x0B1E	0x4805    LDR	R0, [PC, #20]
0x0B20	0xF7FFFC96  BL	__Lib_UART_123_45_UARTx_Init_Advanced+0
0x0B24	0xB002    ADD	SP, SP, #8
;__Lib_UART_123_45.c, 407 :: 		
L_end_UART2_Init:
0x0B26	0xF8DDE000  LDR	LR, [SP, #0]
0x0B2A	0xB001    ADD	SP, SP, #4
0x0B2C	0x4770    BX	LR
0x0B2E	0xBF00    NOP
0x0B30	0x0E5C0000  	__GPIO_MODULE_USART2_PA23+0
0x0B34	0x44004000  	USART2_SR+0
; end of _UART2_Init
_UART2_Write:
;__Lib_UART_123_45.c, 45 :: 		
; _data start address is: 0 (R0)
0x0B8C	0xB081    SUB	SP, SP, #4
0x0B8E	0xF8CDE000  STR	LR, [SP, #0]
; _data end address is: 0 (R0)
; _data start address is: 0 (R0)
;__Lib_UART_123_45.c, 46 :: 		
0x0B92	0xB281    UXTH	R1, R0
; _data end address is: 0 (R0)
0x0B94	0x4803    LDR	R0, [PC, #12]
0x0B96	0xF7FFFC4B  BL	__Lib_UART_123_45_UARTx_Write+0
;__Lib_UART_123_45.c, 47 :: 		
L_end_UART2_Write:
0x0B9A	0xF8DDE000  LDR	LR, [SP, #0]
0x0B9E	0xB001    ADD	SP, SP, #4
0x0BA0	0x4770    BX	LR
0x0BA2	0xBF00    NOP
0x0BA4	0x44004000  	USART2_SR+0
; end of _UART2_Write
__Lib_UART_123_45_UARTx_Write:
;__Lib_UART_123_45.c, 35 :: 		
; _data start address is: 4 (R1)
; UART_Base start address is: 0 (R0)
0x0430	0xB081    SUB	SP, SP, #4
; _data end address is: 4 (R1)
; UART_Base end address is: 0 (R0)
; UART_Base start address is: 0 (R0)
; _data start address is: 4 (R1)
0x0432	0xF8AD1000  STRH	R1, [SP, #0]
; UART_Base end address is: 0 (R0)
; _data end address is: 4 (R1)
0x0436	0x4601    MOV	R1, R0
0x0438	0xF8BD0000  LDRH	R0, [SP, #0]
;__Lib_UART_123_45.c, 36 :: 		
L___Lib_UART_123_45_UARTx_Write0:
; _data start address is: 0 (R0)
; UART_Base start address is: 4 (R1)
0x043C	0x680B    LDR	R3, [R1, #0]
0x043E	0xF3C312C0  UBFX	R2, R3, #7, #1
0x0442	0xB902    CBNZ	R2, L___Lib_UART_123_45_UARTx_Write1
;__Lib_UART_123_45.c, 37 :: 		
0x0444	0xE7FA    B	L___Lib_UART_123_45_UARTx_Write0
L___Lib_UART_123_45_UARTx_Write1:
;__Lib_UART_123_45.c, 38 :: 		
0x0446	0x1D0A    ADDS	R2, R1, #4
; UART_Base end address is: 4 (R1)
0x0448	0x6010    STR	R0, [R2, #0]
; _data end address is: 0 (R0)
;__Lib_UART_123_45.c, 39 :: 		
L_end_UARTx_Write:
0x044A	0xB001    ADD	SP, SP, #4
0x044C	0x4770    BX	LR
; end of __Lib_UART_123_45_UARTx_Write
_Delay_100ms:
;__Lib_Delays.c, 53 :: 		void Delay_100ms() {
;__Lib_Delays.c, 54 :: 		Delay_ms(100);
0x0BA8	0xF24117A9  MOVW	R7, #4521
0x0BAC	0xF2C00704  MOVT	R7, #4
0x0BB0	0xBF00    NOP
0x0BB2	0xBF00    NOP
L_Delay_100ms20:
0x0BB4	0x1E7F    SUBS	R7, R7, #1
0x0BB6	0xD1FD    BNE	L_Delay_100ms20
0x0BB8	0xBF00    NOP
0x0BBA	0xBF00    NOP
;__Lib_Delays.c, 55 :: 		}
L_end_Delay_100ms:
0x0BBC	0x4770    BX	LR
; end of _Delay_100ms
_play:
;STM32F103C8_MCU-Based_MP3_Player_with_Bluetooth_Control.c, 5 :: 		void play()
0x0B38	0xB084    SUB	SP, SP, #16
0x0B3A	0xF8CDE000  STR	LR, [SP, #0]
;STM32F103C8_MCU-Based_MP3_Player_with_Bluetooth_Control.c, 7 :: 		int i=0;
; i start address is: 16 (R4)
0x0B3E	0xF2400400  MOVW	R4, #0
0x0B42	0xB224    SXTH	R4, R4
;STM32F103C8_MCU-Based_MP3_Player_with_Bluetooth_Control.c, 8 :: 		char Play_song1[10]={0x7E,0xFF,0x06,0x0F,0x00,0x01,0x01,0xFE,0xEA,0xEF};
0x0B44	0xF10D0B04  ADD	R11, SP, #4
0x0B48	0xF10B0A0A  ADD	R10, R11, #10
0x0B4C	0xF8DFC020  LDR	R12, [PC, #32]
0x0B50	0xF7FFFFB0  BL	___CC2DW+0
; i end address is: 16 (R4)
;STM32F103C8_MCU-Based_MP3_Player_with_Bluetooth_Control.c, 9 :: 		for(i;i<10;i++) {
L_play0:
; i start address is: 16 (R4)
0x0B54	0x2C0A    CMP	R4, #10
0x0B56	0xDA07    BGE	L_play1
;STM32F103C8_MCU-Based_MP3_Player_with_Bluetooth_Control.c, 10 :: 		UART2_Write(Play_song1[i]);
0x0B58	0xA801    ADD	R0, SP, #4
0x0B5A	0x1900    ADDS	R0, R0, R4
0x0B5C	0x7800    LDRB	R0, [R0, #0]
0x0B5E	0xF000F815  BL	_UART2_Write+0
;STM32F103C8_MCU-Based_MP3_Player_with_Bluetooth_Control.c, 9 :: 		for(i;i<10;i++) {
0x0B62	0x1C64    ADDS	R4, R4, #1
0x0B64	0xB224    SXTH	R4, R4
;STM32F103C8_MCU-Based_MP3_Player_with_Bluetooth_Control.c, 11 :: 		}
; i end address is: 16 (R4)
0x0B66	0xE7F5    B	L_play0
L_play1:
;STM32F103C8_MCU-Based_MP3_Player_with_Bluetooth_Control.c, 13 :: 		}
L_end_play:
0x0B68	0xF8DDE000  LDR	LR, [SP, #0]
0x0B6C	0xB004    ADD	SP, SP, #16
0x0B6E	0x4770    BX	LR
0x0B70	0x0F9A0000  	?ICSplay_Play_song1_L0+0
; end of _play
_UART1_Data_Ready:
;__Lib_UART_123_45.c, 131 :: 		
0x0B74	0xB081    SUB	SP, SP, #4
0x0B76	0xF8CDE000  STR	LR, [SP, #0]
;__Lib_UART_123_45.c, 132 :: 		
0x0B7A	0x4803    LDR	R0, [PC, #12]
0x0B7C	0xF7FFFE84  BL	__Lib_UART_123_45_UARTx_Data_Ready+0
;__Lib_UART_123_45.c, 133 :: 		
L_end_UART1_Data_Ready:
0x0B80	0xF8DDE000  LDR	LR, [SP, #0]
0x0B84	0xB001    ADD	SP, SP, #4
0x0B86	0x4770    BX	LR
0x0B88	0x38004001  	USART1_SR+0
; end of _UART1_Data_Ready
__Lib_UART_123_45_UARTx_Data_Ready:
;__Lib_UART_123_45.c, 126 :: 		
; UART_Base start address is: 0 (R0)
0x0888	0xB081    SUB	SP, SP, #4
; UART_Base end address is: 0 (R0)
; UART_Base start address is: 0 (R0)
;__Lib_UART_123_45.c, 128 :: 		
0x088A	0x6801    LDR	R1, [R0, #0]
; UART_Base end address is: 0 (R0)
0x088C	0xF3C11040  UBFX	R0, R1, #5, #1
;__Lib_UART_123_45.c, 129 :: 		
L_end_UARTx_Data_Ready:
0x0890	0xB001    ADD	SP, SP, #4
0x0892	0x4770    BX	LR
; end of __Lib_UART_123_45_UARTx_Data_Ready
_UART1_Read:
;__Lib_UART_123_45.c, 104 :: 		
0x08D0	0xB081    SUB	SP, SP, #4
0x08D2	0xF8CDE000  STR	LR, [SP, #0]
;__Lib_UART_123_45.c, 105 :: 		
0x08D6	0x4803    LDR	R0, [PC, #12]
0x08D8	0xF7FFFD9E  BL	__Lib_UART_123_45_UARTx_Read+0
;__Lib_UART_123_45.c, 106 :: 		
L_end_UART1_Read:
0x08DC	0xF8DDE000  LDR	LR, [SP, #0]
0x08E0	0xB001    ADD	SP, SP, #4
0x08E2	0x4770    BX	LR
0x08E4	0x38004001  	USART1_SR+0
; end of _UART1_Read
__Lib_UART_123_45_UARTx_Read:
;__Lib_UART_123_45.c, 96 :: 		
; UART_Base start address is: 0 (R0)
0x0418	0xB081    SUB	SP, SP, #4
; UART_Base end address is: 0 (R0)
; UART_Base start address is: 0 (R0)
; UART_Base end address is: 0 (R0)
;__Lib_UART_123_45.c, 98 :: 		
L___Lib_UART_123_45_UARTx_Read4:
; UART_Base start address is: 0 (R0)
0x041A	0x6802    LDR	R2, [R0, #0]
0x041C	0xF3C21140  UBFX	R1, R2, #5, #1
0x0420	0xB901    CBNZ	R1, L___Lib_UART_123_45_UARTx_Read5
0x0422	0xE7FA    B	L___Lib_UART_123_45_UARTx_Read4
L___Lib_UART_123_45_UARTx_Read5:
;__Lib_UART_123_45.c, 101 :: 		
0x0424	0x1D01    ADDS	R1, R0, #4
; UART_Base end address is: 0 (R0)
0x0426	0x6809    LDR	R1, [R1, #0]
0x0428	0xB288    UXTH	R0, R1
;__Lib_UART_123_45.c, 102 :: 		
L_end_UARTx_Read:
0x042A	0xB001    ADD	SP, SP, #4
0x042C	0x4770    BX	LR
; end of __Lib_UART_123_45_UARTx_Read
_resume:
;STM32F103C8_MCU-Based_MP3_Player_with_Bluetooth_Control.c, 14 :: 		void resume ()
0x0894	0xB084    SUB	SP, SP, #16
0x0896	0xF8CDE000  STR	LR, [SP, #0]
;STM32F103C8_MCU-Based_MP3_Player_with_Bluetooth_Control.c, 15 :: 		{     int i=0;
; i start address is: 16 (R4)
0x089A	0xF2400400  MOVW	R4, #0
0x089E	0xB224    SXTH	R4, R4
;STM32F103C8_MCU-Based_MP3_Player_with_Bluetooth_Control.c, 16 :: 		char resume_song[10] = {0x7E,0xFF,0x06,0x0D,0x00,0x00,0x00,0xFE,0xEE,0xEF};
0x08A0	0xF10D0B04  ADD	R11, SP, #4
0x08A4	0xF10B0A0A  ADD	R10, R11, #10
0x08A8	0xF8DFC020  LDR	R12, [PC, #32]
0x08AC	0xF000F902  BL	___CC2DW+0
; i end address is: 16 (R4)
;STM32F103C8_MCU-Based_MP3_Player_with_Bluetooth_Control.c, 17 :: 		for(i;i<10;i++) {
L_resume3:
; i start address is: 16 (R4)
0x08B0	0x2C0A    CMP	R4, #10
0x08B2	0xDA07    BGE	L_resume4
;STM32F103C8_MCU-Based_MP3_Player_with_Bluetooth_Control.c, 18 :: 		UART2_Write(resume_song[i]);
0x08B4	0xA801    ADD	R0, SP, #4
0x08B6	0x1900    ADDS	R0, R0, R4
0x08B8	0x7800    LDRB	R0, [R0, #0]
0x08BA	0xF000F967  BL	_UART2_Write+0
;STM32F103C8_MCU-Based_MP3_Player_with_Bluetooth_Control.c, 17 :: 		for(i;i<10;i++) {
0x08BE	0x1C64    ADDS	R4, R4, #1
0x08C0	0xB224    SXTH	R4, R4
;STM32F103C8_MCU-Based_MP3_Player_with_Bluetooth_Control.c, 19 :: 		}
; i end address is: 16 (R4)
0x08C2	0xE7F5    B	L_resume3
L_resume4:
;STM32F103C8_MCU-Based_MP3_Player_with_Bluetooth_Control.c, 20 :: 		}
L_end_resume:
0x08C4	0xF8DDE000  LDR	LR, [SP, #0]
0x08C8	0xB004    ADD	SP, SP, #16
0x08CA	0x4770    BX	LR
0x08CC	0x0F820000  	?ICSresume_resume_song_L0+0
; end of _resume
_pause:
;STM32F103C8_MCU-Based_MP3_Player_with_Bluetooth_Control.c, 21 :: 		void pause()
0x08E8	0xB084    SUB	SP, SP, #16
0x08EA	0xF8CDE000  STR	LR, [SP, #0]
;STM32F103C8_MCU-Based_MP3_Player_with_Bluetooth_Control.c, 23 :: 		int i=0;
; i start address is: 16 (R4)
0x08EE	0xF2400400  MOVW	R4, #0
0x08F2	0xB224    SXTH	R4, R4
;STM32F103C8_MCU-Based_MP3_Player_with_Bluetooth_Control.c, 24 :: 		char pause_song[10]     ={0x7E,0xFF,0x06,0x0E,0x00,0x00,0x00,0xFE,0xED,0xEF};
0x08F4	0xF10D0B04  ADD	R11, SP, #4
0x08F8	0xF10B0A0A  ADD	R10, R11, #10
0x08FC	0xF8DFC020  LDR	R12, [PC, #32]
0x0900	0xF000F8D8  BL	___CC2DW+0
; i end address is: 16 (R4)
;STM32F103C8_MCU-Based_MP3_Player_with_Bluetooth_Control.c, 25 :: 		for(i;i<10;i++) {
L_pause6:
; i start address is: 16 (R4)
0x0904	0x2C0A    CMP	R4, #10
0x0906	0xDA07    BGE	L_pause7
;STM32F103C8_MCU-Based_MP3_Player_with_Bluetooth_Control.c, 26 :: 		UART2_Write(pause_song[i]);
0x0908	0xA801    ADD	R0, SP, #4
0x090A	0x1900    ADDS	R0, R0, R4
0x090C	0x7800    LDRB	R0, [R0, #0]
0x090E	0xF000F93D  BL	_UART2_Write+0
;STM32F103C8_MCU-Based_MP3_Player_with_Bluetooth_Control.c, 25 :: 		for(i;i<10;i++) {
0x0912	0x1C64    ADDS	R4, R4, #1
0x0914	0xB224    SXTH	R4, R4
;STM32F103C8_MCU-Based_MP3_Player_with_Bluetooth_Control.c, 27 :: 		}
; i end address is: 16 (R4)
0x0916	0xE7F5    B	L_pause6
L_pause7:
;STM32F103C8_MCU-Based_MP3_Player_with_Bluetooth_Control.c, 29 :: 		}
L_end_pause:
0x0918	0xF8DDE000  LDR	LR, [SP, #0]
0x091C	0xB004    ADD	SP, SP, #16
0x091E	0x4770    BX	LR
0x0920	0x0F520000  	?ICSpause_pause_song_L0+0
; end of _pause
_volume_up:
;STM32F103C8_MCU-Based_MP3_Player_with_Bluetooth_Control.c, 48 :: 		void volume_up()
0x0960	0xB084    SUB	SP, SP, #16
0x0962	0xF8CDE000  STR	LR, [SP, #0]
;STM32F103C8_MCU-Based_MP3_Player_with_Bluetooth_Control.c, 50 :: 		int  i=0;
; i start address is: 16 (R4)
0x0966	0xF2400400  MOVW	R4, #0
0x096A	0xB224    SXTH	R4, R4
;STM32F103C8_MCU-Based_MP3_Player_with_Bluetooth_Control.c, 51 :: 		char volume_up_song[10]     ={0x7E,0xFF,0x06,0x04,0x00,0x00,0x00,0xFE,0xF7,0xEF};
0x096C	0xF10D0B04  ADD	R11, SP, #4
0x0970	0xF10B0A0A  ADD	R10, R11, #10
0x0974	0xF8DFC020  LDR	R12, [PC, #32]
0x0978	0xF000F89C  BL	___CC2DW+0
; i end address is: 16 (R4)
;STM32F103C8_MCU-Based_MP3_Player_with_Bluetooth_Control.c, 52 :: 		for(i;i<10;i++) {
L_volume_up15:
; i start address is: 16 (R4)
0x097C	0x2C0A    CMP	R4, #10
0x097E	0xDA07    BGE	L_volume_up16
;STM32F103C8_MCU-Based_MP3_Player_with_Bluetooth_Control.c, 53 :: 		UART2_Write(volume_up_song[i]);
0x0980	0xA801    ADD	R0, SP, #4
0x0982	0x1900    ADDS	R0, R0, R4
0x0984	0x7800    LDRB	R0, [R0, #0]
0x0986	0xF000F901  BL	_UART2_Write+0
;STM32F103C8_MCU-Based_MP3_Player_with_Bluetooth_Control.c, 52 :: 		for(i;i<10;i++) {
0x098A	0x1C64    ADDS	R4, R4, #1
0x098C	0xB224    SXTH	R4, R4
;STM32F103C8_MCU-Based_MP3_Player_with_Bluetooth_Control.c, 54 :: 		}
; i end address is: 16 (R4)
0x098E	0xE7F5    B	L_volume_up15
L_volume_up16:
;STM32F103C8_MCU-Based_MP3_Player_with_Bluetooth_Control.c, 56 :: 		}
L_end_volume_up:
0x0990	0xF8DDE000  LDR	LR, [SP, #0]
0x0994	0xB004    ADD	SP, SP, #16
0x0996	0x4770    BX	LR
0x0998	0x0F460000  	?ICSvolume_up_volume_up_song_L0+0
; end of _volume_up
_volume_down:
;STM32F103C8_MCU-Based_MP3_Player_with_Bluetooth_Control.c, 57 :: 		void volume_down()
0x0924	0xB084    SUB	SP, SP, #16
0x0926	0xF8CDE000  STR	LR, [SP, #0]
;STM32F103C8_MCU-Based_MP3_Player_with_Bluetooth_Control.c, 59 :: 		int  i=0;
; i start address is: 16 (R4)
0x092A	0xF2400400  MOVW	R4, #0
0x092E	0xB224    SXTH	R4, R4
;STM32F103C8_MCU-Based_MP3_Player_with_Bluetooth_Control.c, 60 :: 		char volume_down_song[10]     ={0x7E,0xFF,0x06,0x05,0x00,0x00,0x00,0xFE,0xF6,0xEF};
0x0930	0xF10D0B04  ADD	R11, SP, #4
0x0934	0xF10B0A0A  ADD	R10, R11, #10
0x0938	0xF8DFC020  LDR	R12, [PC, #32]
0x093C	0xF000F8BA  BL	___CC2DW+0
; i end address is: 16 (R4)
;STM32F103C8_MCU-Based_MP3_Player_with_Bluetooth_Control.c, 61 :: 		for(i;i<10;i++) {
L_volume_down18:
; i start address is: 16 (R4)
0x0940	0x2C0A    CMP	R4, #10
0x0942	0xDA07    BGE	L_volume_down19
;STM32F103C8_MCU-Based_MP3_Player_with_Bluetooth_Control.c, 62 :: 		UART2_Write(volume_down_song[i]);
0x0944	0xA801    ADD	R0, SP, #4
0x0946	0x1900    ADDS	R0, R0, R4
0x0948	0x7800    LDRB	R0, [R0, #0]
0x094A	0xF000F91F  BL	_UART2_Write+0
;STM32F103C8_MCU-Based_MP3_Player_with_Bluetooth_Control.c, 61 :: 		for(i;i<10;i++) {
0x094E	0x1C64    ADDS	R4, R4, #1
0x0950	0xB224    SXTH	R4, R4
;STM32F103C8_MCU-Based_MP3_Player_with_Bluetooth_Control.c, 63 :: 		}
; i end address is: 16 (R4)
0x0952	0xE7F5    B	L_volume_down18
L_volume_down19:
;STM32F103C8_MCU-Based_MP3_Player_with_Bluetooth_Control.c, 65 :: 		}
L_end_volume_down:
0x0954	0xF8DDE000  LDR	LR, [SP, #0]
0x0958	0xB004    ADD	SP, SP, #16
0x095A	0x4770    BX	LR
0x095C	0x0F5E0000  	?ICSvolume_down_volume_down_song_L0+0
; end of _volume_down
_next:
;STM32F103C8_MCU-Based_MP3_Player_with_Bluetooth_Control.c, 30 :: 		void next()
0x099C	0xB084    SUB	SP, SP, #16
0x099E	0xF8CDE000  STR	LR, [SP, #0]
;STM32F103C8_MCU-Based_MP3_Player_with_Bluetooth_Control.c, 32 :: 		int i=0;
; i start address is: 16 (R4)
0x09A2	0xF2400400  MOVW	R4, #0
0x09A6	0xB224    SXTH	R4, R4
;STM32F103C8_MCU-Based_MP3_Player_with_Bluetooth_Control.c, 33 :: 		char next_song[10]     ={0x7E,0xFF,0x06,0x01,0x00,0x00,0x00,0xFE,0xFA,0xEF};
0x09A8	0xF10D0B04  ADD	R11, SP, #4
0x09AC	0xF10B0A0A  ADD	R10, R11, #10
0x09B0	0xF8DFC020  LDR	R12, [PC, #32]
0x09B4	0xF000F87E  BL	___CC2DW+0
; i end address is: 16 (R4)
;STM32F103C8_MCU-Based_MP3_Player_with_Bluetooth_Control.c, 34 :: 		for(i;i<10;i++) {
L_next9:
; i start address is: 16 (R4)
0x09B8	0x2C0A    CMP	R4, #10
0x09BA	0xDA07    BGE	L_next10
;STM32F103C8_MCU-Based_MP3_Player_with_Bluetooth_Control.c, 35 :: 		UART2_Write(next_song[i]);
0x09BC	0xA801    ADD	R0, SP, #4
0x09BE	0x1900    ADDS	R0, R0, R4
0x09C0	0x7800    LDRB	R0, [R0, #0]
0x09C2	0xF000F8E3  BL	_UART2_Write+0
;STM32F103C8_MCU-Based_MP3_Player_with_Bluetooth_Control.c, 34 :: 		for(i;i<10;i++) {
0x09C6	0x1C64    ADDS	R4, R4, #1
0x09C8	0xB224    SXTH	R4, R4
;STM32F103C8_MCU-Based_MP3_Player_with_Bluetooth_Control.c, 36 :: 		}
; i end address is: 16 (R4)
0x09CA	0xE7F5    B	L_next9
L_next10:
;STM32F103C8_MCU-Based_MP3_Player_with_Bluetooth_Control.c, 38 :: 		}
L_end_next:
0x09CC	0xF8DDE000  LDR	LR, [SP, #0]
0x09D0	0xB004    ADD	SP, SP, #16
0x09D2	0x4770    BX	LR
0x09D4	0x0F6A0000  	?ICSnext_next_song_L0+0
; end of _next
_previous:
;STM32F103C8_MCU-Based_MP3_Player_with_Bluetooth_Control.c, 39 :: 		void previous()
0x0A28	0xB084    SUB	SP, SP, #16
0x0A2A	0xF8CDE000  STR	LR, [SP, #0]
;STM32F103C8_MCU-Based_MP3_Player_with_Bluetooth_Control.c, 41 :: 		int i=0;
; i start address is: 16 (R4)
0x0A2E	0xF2400400  MOVW	R4, #0
0x0A32	0xB224    SXTH	R4, R4
;STM32F103C8_MCU-Based_MP3_Player_with_Bluetooth_Control.c, 42 :: 		char previous_song[10]     ={0x7E,0xFF,0x06,0x02,0x00,0x00,0x00,0xFE,0xF9,0xEF};
0x0A34	0xF10D0B04  ADD	R11, SP, #4
0x0A38	0xF10B0A0A  ADD	R10, R11, #10
0x0A3C	0xF8DFC020  LDR	R12, [PC, #32]
0x0A40	0xF000F838  BL	___CC2DW+0
; i end address is: 16 (R4)
;STM32F103C8_MCU-Based_MP3_Player_with_Bluetooth_Control.c, 43 :: 		for(i;i<10;i++) {
L_previous12:
; i start address is: 16 (R4)
0x0A44	0x2C0A    CMP	R4, #10
0x0A46	0xDA07    BGE	L_previous13
;STM32F103C8_MCU-Based_MP3_Player_with_Bluetooth_Control.c, 44 :: 		UART2_Write(previous_song[i]);
0x0A48	0xA801    ADD	R0, SP, #4
0x0A4A	0x1900    ADDS	R0, R0, R4
0x0A4C	0x7800    LDRB	R0, [R0, #0]
0x0A4E	0xF000F89D  BL	_UART2_Write+0
;STM32F103C8_MCU-Based_MP3_Player_with_Bluetooth_Control.c, 43 :: 		for(i;i<10;i++) {
0x0A52	0x1C64    ADDS	R4, R4, #1
0x0A54	0xB224    SXTH	R4, R4
;STM32F103C8_MCU-Based_MP3_Player_with_Bluetooth_Control.c, 45 :: 		}
; i end address is: 16 (R4)
0x0A56	0xE7F5    B	L_previous12
L_previous13:
;STM32F103C8_MCU-Based_MP3_Player_with_Bluetooth_Control.c, 47 :: 		}
L_end_previous:
0x0A58	0xF8DDE000  LDR	LR, [SP, #0]
0x0A5C	0xB004    ADD	SP, SP, #16
0x0A5E	0x4770    BX	LR
0x0A60	0x0F760000  	?ICSprevious_previous_song_L0+0
; end of _previous
__Lib_System_101_102_103_InitialSetUpRCCRCC2:
;__Lib_System_101_102_103.c, 368 :: 		
0x0BDC	0xB082    SUB	SP, SP, #8
0x0BDE	0xF8CDE000  STR	LR, [SP, #0]
;__Lib_System_101_102_103.c, 371 :: 		
; ulRCC_CR start address is: 8 (R2)
0x0BE2	0x4A33    LDR	R2, [PC, #204]
;__Lib_System_101_102_103.c, 372 :: 		
; ulRCC_CFGR start address is: 12 (R3)
0x0BE4	0x4B33    LDR	R3, [PC, #204]
;__Lib_System_101_102_103.c, 373 :: 		
; Fosc_kHz start address is: 4 (R1)
0x0BE6	0x4934    LDR	R1, [PC, #208]
;__Lib_System_101_102_103.c, 380 :: 		
0x0BE8	0xF64B3080  MOVW	R0, #48000
0x0BEC	0x4281    CMP	R1, R0
0x0BEE	0xD906    BLS	L___Lib_System_101_102_103_InitialSetUpRCCRCC231
; Fosc_kHz end address is: 4 (R1)
;__Lib_System_101_102_103.c, 381 :: 		
0x0BF0	0x4832    LDR	R0, [PC, #200]
0x0BF2	0x6800    LDR	R0, [R0, #0]
0x0BF4	0xF0400102  ORR	R1, R0, #2
0x0BF8	0x4830    LDR	R0, [PC, #192]
0x0BFA	0x6001    STR	R1, [R0, #0]
0x0BFC	0xE011    B	L___Lib_System_101_102_103_InitialSetUpRCCRCC232
L___Lib_System_101_102_103_InitialSetUpRCCRCC231:
;__Lib_System_101_102_103.c, 382 :: 		
; Fosc_kHz start address is: 4 (R1)
0x0BFE	0xF64550C0  MOVW	R0, #24000
0x0C02	0x4281    CMP	R1, R0
0x0C04	0xD906    BLS	L___Lib_System_101_102_103_InitialSetUpRCCRCC233
; Fosc_kHz end address is: 4 (R1)
;__Lib_System_101_102_103.c, 383 :: 		
0x0C06	0x482D    LDR	R0, [PC, #180]
0x0C08	0x6800    LDR	R0, [R0, #0]
0x0C0A	0xF0400101  ORR	R1, R0, #1
0x0C0E	0x482B    LDR	R0, [PC, #172]
0x0C10	0x6001    STR	R1, [R0, #0]
0x0C12	0xE006    B	L___Lib_System_101_102_103_InitialSetUpRCCRCC234
L___Lib_System_101_102_103_InitialSetUpRCCRCC233:
;__Lib_System_101_102_103.c, 385 :: 		
0x0C14	0x4829    LDR	R0, [PC, #164]
0x0C16	0x6801    LDR	R1, [R0, #0]
0x0C18	0xF06F0007  MVN	R0, #7
0x0C1C	0x4001    ANDS	R1, R0
0x0C1E	0x4827    LDR	R0, [PC, #156]
0x0C20	0x6001    STR	R1, [R0, #0]
L___Lib_System_101_102_103_InitialSetUpRCCRCC234:
L___Lib_System_101_102_103_InitialSetUpRCCRCC232:
;__Lib_System_101_102_103.c, 387 :: 		
0x0C22	0xF7FFFED9  BL	__Lib_System_101_102_103_SystemClockSetDefault+0
;__Lib_System_101_102_103.c, 389 :: 		
0x0C26	0x4826    LDR	R0, [PC, #152]
0x0C28	0x6003    STR	R3, [R0, #0]
;__Lib_System_101_102_103.c, 390 :: 		
0x0C2A	0x4826    LDR	R0, [PC, #152]
0x0C2C	0xEA020100  AND	R1, R2, R0, LSL #0
0x0C30	0x4825    LDR	R0, [PC, #148]
0x0C32	0x6001    STR	R1, [R0, #0]
;__Lib_System_101_102_103.c, 392 :: 		
0x0C34	0xF0020001  AND	R0, R2, #1
0x0C38	0xB140    CBZ	R0, L___Lib_System_101_102_103_InitialSetUpRCCRCC246
; ulRCC_CFGR end address is: 12 (R3)
; ulRCC_CR end address is: 8 (R2)
0x0C3A	0x4619    MOV	R1, R3
;__Lib_System_101_102_103.c, 393 :: 		
L___Lib_System_101_102_103_InitialSetUpRCCRCC236:
; ulRCC_CFGR start address is: 4 (R1)
; ulRCC_CR start address is: 8 (R2)
0x0C3C	0x4822    LDR	R0, [PC, #136]
0x0C3E	0x6800    LDR	R0, [R0, #0]
0x0C40	0xF0000002  AND	R0, R0, #2
0x0C44	0x2800    CMP	R0, #0
0x0C46	0xD100    BNE	L___Lib_System_101_102_103_InitialSetUpRCCRCC237
;__Lib_System_101_102_103.c, 394 :: 		
0x0C48	0xE7F8    B	L___Lib_System_101_102_103_InitialSetUpRCCRCC236
L___Lib_System_101_102_103_InitialSetUpRCCRCC237:
;__Lib_System_101_102_103.c, 395 :: 		
; ulRCC_CFGR end address is: 4 (R1)
0x0C4A	0xE000    B	L___Lib_System_101_102_103_InitialSetUpRCCRCC235
; ulRCC_CR end address is: 8 (R2)
L___Lib_System_101_102_103_InitialSetUpRCCRCC246:
;__Lib_System_101_102_103.c, 392 :: 		
0x0C4C	0x4619    MOV	R1, R3
;__Lib_System_101_102_103.c, 395 :: 		
L___Lib_System_101_102_103_InitialSetUpRCCRCC235:
;__Lib_System_101_102_103.c, 397 :: 		
; ulRCC_CFGR start address is: 4 (R1)
; ulRCC_CR start address is: 8 (R2)
0x0C4E	0xF4023080  AND	R0, R2, #65536
0x0C52	0xB148    CBZ	R0, L___Lib_System_101_102_103_InitialSetUpRCCRCC247
; ulRCC_CR end address is: 8 (R2)
; ulRCC_CFGR end address is: 4 (R1)
;__Lib_System_101_102_103.c, 398 :: 		
L___Lib_System_101_102_103_InitialSetUpRCCRCC239:
; ulRCC_CR start address is: 8 (R2)
; ulRCC_CFGR start address is: 4 (R1)
0x0C54	0x481C    LDR	R0, [PC, #112]
0x0C56	0x6800    LDR	R0, [R0, #0]
0x0C58	0xF4003000  AND	R0, R0, #131072
0x0C5C	0xB900    CBNZ	R0, L___Lib_System_101_102_103_InitialSetUpRCCRCC240
;__Lib_System_101_102_103.c, 399 :: 		
0x0C5E	0xE7F9    B	L___Lib_System_101_102_103_InitialSetUpRCCRCC239
L___Lib_System_101_102_103_InitialSetUpRCCRCC240:
;__Lib_System_101_102_103.c, 400 :: 		
0x0C60	0x9201    STR	R2, [SP, #4]
; ulRCC_CFGR end address is: 4 (R1)
0x0C62	0x460A    MOV	R2, R1
0x0C64	0x9901    LDR	R1, [SP, #4]
0x0C66	0xE002    B	L___Lib_System_101_102_103_InitialSetUpRCCRCC238
; ulRCC_CR end address is: 8 (R2)
L___Lib_System_101_102_103_InitialSetUpRCCRCC247:
;__Lib_System_101_102_103.c, 397 :: 		
0x0C68	0x9101    STR	R1, [SP, #4]
0x0C6A	0x4611    MOV	R1, R2
0x0C6C	0x9A01    LDR	R2, [SP, #4]
;__Lib_System_101_102_103.c, 400 :: 		
L___Lib_System_101_102_103_InitialSetUpRCCRCC238:
;__Lib_System_101_102_103.c, 402 :: 		
; ulRCC_CR start address is: 4 (R1)
; ulRCC_CFGR start address is: 8 (R2)
0x0C6E	0xF0017080  AND	R0, R1, #16777216
; ulRCC_CR end address is: 4 (R1)
0x0C72	0xB170    CBZ	R0, L___Lib_System_101_102_103_InitialSetUpRCCRCC248
;__Lib_System_101_102_103.c, 403 :: 		
0x0C74	0x4814    LDR	R0, [PC, #80]
0x0C76	0x6800    LDR	R0, [R0, #0]
0x0C78	0xF0407180  ORR	R1, R0, #16777216
0x0C7C	0x4812    LDR	R0, [PC, #72]
0x0C7E	0x6001    STR	R1, [R0, #0]
; ulRCC_CFGR end address is: 8 (R2)
0x0C80	0x4611    MOV	R1, R2
;__Lib_System_101_102_103.c, 404 :: 		
L___Lib_System_101_102_103_InitialSetUpRCCRCC242:
; ulRCC_CFGR start address is: 4 (R1)
0x0C82	0x4811    LDR	R0, [PC, #68]
0x0C84	0x6800    LDR	R0, [R0, #0]
0x0C86	0xF0007000  AND	R0, R0, #33554432
0x0C8A	0xB900    CBNZ	R0, L___Lib_System_101_102_103_InitialSetUpRCCRCC243
;__Lib_System_101_102_103.c, 405 :: 		
0x0C8C	0xE7F9    B	L___Lib_System_101_102_103_InitialSetUpRCCRCC242
L___Lib_System_101_102_103_InitialSetUpRCCRCC243:
;__Lib_System_101_102_103.c, 406 :: 		
0x0C8E	0x460A    MOV	R2, R1
0x0C90	0xE7FF    B	L___Lib_System_101_102_103_InitialSetUpRCCRCC241
; ulRCC_CFGR end address is: 4 (R1)
L___Lib_System_101_102_103_InitialSetUpRCCRCC248:
;__Lib_System_101_102_103.c, 402 :: 		
;__Lib_System_101_102_103.c, 406 :: 		
L___Lib_System_101_102_103_InitialSetUpRCCRCC241:
;__Lib_System_101_102_103.c, 409 :: 		
; ulRCC_CFGR start address is: 8 (R2)
; ulRCC_CFGR end address is: 8 (R2)
L___Lib_System_101_102_103_InitialSetUpRCCRCC244:
; ulRCC_CFGR start address is: 8 (R2)
0x0C92	0x480B    LDR	R0, [PC, #44]
0x0C94	0x6800    LDR	R0, [R0, #0]
0x0C96	0xF000010C  AND	R1, R0, #12
0x0C9A	0x0090    LSLS	R0, R2, #2
0x0C9C	0xF000000C  AND	R0, R0, #12
0x0CA0	0x4281    CMP	R1, R0
0x0CA2	0xD000    BEQ	L___Lib_System_101_102_103_InitialSetUpRCCRCC245
;__Lib_System_101_102_103.c, 410 :: 		
; ulRCC_CFGR end address is: 8 (R2)
0x0CA4	0xE7F5    B	L___Lib_System_101_102_103_InitialSetUpRCCRCC244
L___Lib_System_101_102_103_InitialSetUpRCCRCC245:
;__Lib_System_101_102_103.c, 412 :: 		
L_end_InitialSetUpRCCRCC2:
0x0CA6	0xF8DDE000  LDR	LR, [SP, #0]
0x0CAA	0xB002    ADD	SP, SP, #8
0x0CAC	0x4770    BX	LR
0x0CAE	0xBF00    NOP
0x0CB0	0x00810000  	#129
0x0CB4	0x00000000  	#0
0x0CB8	0x1F400000  	#8000
0x0CBC	0x20004002  	FLASH_ACR+0
0x0CC0	0x10044002  	RCC_CFGR+0
0x0CC4	0xFFFF000F  	#1048575
0x0CC8	0x10004002  	RCC_CR+0
; end of __Lib_System_101_102_103_InitialSetUpRCCRCC2
__Lib_System_101_102_103_SystemClockSetDefault:
;__Lib_System_101_102_103.c, 347 :: 		
0x09D8	0xB081    SUB	SP, SP, #4
;__Lib_System_101_102_103.c, 350 :: 		
0x09DA	0x480F    LDR	R0, [PC, #60]
0x09DC	0x6800    LDR	R0, [R0, #0]
0x09DE	0xF0400101  ORR	R1, R0, #1
0x09E2	0x480D    LDR	R0, [PC, #52]
0x09E4	0x6001    STR	R1, [R0, #0]
;__Lib_System_101_102_103.c, 353 :: 		
0x09E6	0x490D    LDR	R1, [PC, #52]
0x09E8	0x480D    LDR	R0, [PC, #52]
0x09EA	0x6001    STR	R1, [R0, #0]
;__Lib_System_101_102_103.c, 356 :: 		
0x09EC	0x480A    LDR	R0, [PC, #40]
0x09EE	0x6801    LDR	R1, [R0, #0]
0x09F0	0x480C    LDR	R0, [PC, #48]
0x09F2	0x4001    ANDS	R1, R0
0x09F4	0x4808    LDR	R0, [PC, #32]
0x09F6	0x6001    STR	R1, [R0, #0]
;__Lib_System_101_102_103.c, 359 :: 		
0x09F8	0x4807    LDR	R0, [PC, #28]
0x09FA	0x6801    LDR	R1, [R0, #0]
0x09FC	0xF46F2080  MVN	R0, #262144
0x0A00	0x4001    ANDS	R1, R0
0x0A02	0x4805    LDR	R0, [PC, #20]
0x0A04	0x6001    STR	R1, [R0, #0]
;__Lib_System_101_102_103.c, 362 :: 		
0x0A06	0x4806    LDR	R0, [PC, #24]
0x0A08	0x6801    LDR	R1, [R0, #0]
0x0A0A	0xF46F00FE  MVN	R0, #8323072
0x0A0E	0x4001    ANDS	R1, R0
0x0A10	0x4803    LDR	R0, [PC, #12]
0x0A12	0x6001    STR	R1, [R0, #0]
;__Lib_System_101_102_103.c, 366 :: 		
L_end_SystemClockSetDefault:
0x0A14	0xB001    ADD	SP, SP, #4
0x0A16	0x4770    BX	LR
0x0A18	0x10004002  	RCC_CR+0
0x0A1C	0x0000F8FF  	#-117506048
0x0A20	0x10044002  	RCC_CFGR+0
0x0A24	0xFFFFFEF6  	#-17367041
; end of __Lib_System_101_102_103_SystemClockSetDefault
__Lib_System_101_102_103_InitialSetUpFosc:
;__Lib_System_101_102_103.c, 414 :: 		
0x0BC0	0xB081    SUB	SP, SP, #4
;__Lib_System_101_102_103.c, 415 :: 		
0x0BC2	0x4902    LDR	R1, [PC, #8]
0x0BC4	0x4802    LDR	R0, [PC, #8]
0x0BC6	0x6001    STR	R1, [R0, #0]
;__Lib_System_101_102_103.c, 416 :: 		
L_end_InitialSetUpFosc:
0x0BC8	0xB001    ADD	SP, SP, #4
0x0BCA	0x4770    BX	LR
0x0BCC	0x1F400000  	#8000
0x0BD0	0x00042000  	___System_CLOCK_IN_KHZ+0
; end of __Lib_System_101_102_103_InitialSetUpFosc
___GenExcept:
;__Lib_System_101_102_103.c, 298 :: 		
0x0BD4	0xB081    SUB	SP, SP, #4
;__Lib_System_101_102_103.c, 299 :: 		
L___GenExcept27:
0x0BD6	0xE7FE    B	L___GenExcept27
;__Lib_System_101_102_103.c, 300 :: 		
L_end___GenExcept:
0x0BD8	0xB001    ADD	SP, SP, #4
0x0BDA	0x4770    BX	LR
; end of ___GenExcept
0x0FA8	0xB500    PUSH	(R14)
0x0FAA	0xF8DFB014  LDR	R11, [PC, #20]
0x0FAE	0xF8DFA014  LDR	R10, [PC, #20]
0x0FB2	0xF8DFC014  LDR	R12, [PC, #20]
0x0FB6	0xF7FFFD7D  BL	2740
0x0FBA	0xBD00    POP	(R15)
0x0FBC	0x4770    BX	LR
0x0FBE	0xBF00    NOP
0x0FC0	0x00002000  	#536870912
0x0FC4	0x00022000  	#536870914
0x0FC8	0x042E0000  	#1070
0x1028	0xB500    PUSH	(R14)
0x102A	0xF8DFB010  LDR	R11, [PC, #16]
0x102E	0xF8DFA010  LDR	R10, [PC, #16]
0x1032	0xF7FFFD49  BL	2760
0x1036	0xBD00    POP	(R15)
0x1038	0x4770    BX	LR
0x103A	0xBF00    NOP
0x103C	0x00002000  	#536870912
0x1040	0x00182000  	#536870936
;STM32F103C8_MCU-Based_MP3_Player_with_Bluetooth_Control.c,0 :: ?ICS_flag [2]
0x042E	0x0000 ;?ICS_flag+0
; end of ?ICS_flag
;STM32F103C8_MCU-Based_MP3_Player_with_Bluetooth_Control.c,0 :: ?lstr_1_STM32F103C8_MCU_45Based_MP3_Player_with_Bluetooth_Control [1]
0x044E	0x00 ;?lstr_1_STM32F103C8_MCU_45Based_MP3_Player_with_Bluetooth_Control+0
; end of ?lstr_1_STM32F103C8_MCU_45Based_MP3_Player_with_Bluetooth_Control
;__Lib_GPIO_32F10x_Defs.c,706 :: __GPIO_MODULE_USART2_PA23 [108]
0x0E5C	0x00000002 ;__GPIO_MODULE_USART2_PA23+0
0x0E60	0x00000003 ;__GPIO_MODULE_USART2_PA23+4
0x0E64	0xFFFFFFFF ;__GPIO_MODULE_USART2_PA23+8
0x0E68	0x00000000 ;__GPIO_MODULE_USART2_PA23+12
0x0E6C	0x00000000 ;__GPIO_MODULE_USART2_PA23+16
0x0E70	0x00000000 ;__GPIO_MODULE_USART2_PA23+20
0x0E74	0x00000000 ;__GPIO_MODULE_USART2_PA23+24
0x0E78	0x00000000 ;__GPIO_MODULE_USART2_PA23+28
0x0E7C	0x00000000 ;__GPIO_MODULE_USART2_PA23+32
0x0E80	0x00000000 ;__GPIO_MODULE_USART2_PA23+36
0x0E84	0x00000000 ;__GPIO_MODULE_USART2_PA23+40
0x0E88	0x00000000 ;__GPIO_MODULE_USART2_PA23+44
0x0E8C	0x00000000 ;__GPIO_MODULE_USART2_PA23+48
0x0E90	0x00000818 ;__GPIO_MODULE_USART2_PA23+52
0x0E94	0x00000018 ;__GPIO_MODULE_USART2_PA23+56
0x0E98	0x00000000 ;__GPIO_MODULE_USART2_PA23+60
0x0E9C	0x00000000 ;__GPIO_MODULE_USART2_PA23+64
0x0EA0	0x00000000 ;__GPIO_MODULE_USART2_PA23+68
0x0EA4	0x00000000 ;__GPIO_MODULE_USART2_PA23+72
0x0EA8	0x00000000 ;__GPIO_MODULE_USART2_PA23+76
0x0EAC	0x00000000 ;__GPIO_MODULE_USART2_PA23+80
0x0EB0	0x00000000 ;__GPIO_MODULE_USART2_PA23+84
0x0EB4	0x00000000 ;__GPIO_MODULE_USART2_PA23+88
0x0EB8	0x00000000 ;__GPIO_MODULE_USART2_PA23+92
0x0EBC	0x00000000 ;__GPIO_MODULE_USART2_PA23+96
0x0EC0	0x00000000 ;__GPIO_MODULE_USART2_PA23+100
0x0EC4	0x00000008 ;__GPIO_MODULE_USART2_PA23+104
; end of __GPIO_MODULE_USART2_PA23
;__Lib_GPIO_32F10x_Defs.c,696 :: __GPIO_MODULE_USART1_PA9_10 [108]
0x0EC8	0x00000009 ;__GPIO_MODULE_USART1_PA9_10+0
0x0ECC	0x0000000A ;__GPIO_MODULE_USART1_PA9_10+4
0x0ED0	0xFFFFFFFF ;__GPIO_MODULE_USART1_PA9_10+8
0x0ED4	0x00000000 ;__GPIO_MODULE_USART1_PA9_10+12
0x0ED8	0x00000000 ;__GPIO_MODULE_USART1_PA9_10+16
0x0EDC	0x00000000 ;__GPIO_MODULE_USART1_PA9_10+20
0x0EE0	0x00000000 ;__GPIO_MODULE_USART1_PA9_10+24
0x0EE4	0x00000000 ;__GPIO_MODULE_USART1_PA9_10+28
0x0EE8	0x00000000 ;__GPIO_MODULE_USART1_PA9_10+32
0x0EEC	0x00000000 ;__GPIO_MODULE_USART1_PA9_10+36
0x0EF0	0x00000000 ;__GPIO_MODULE_USART1_PA9_10+40
0x0EF4	0x00000000 ;__GPIO_MODULE_USART1_PA9_10+44
0x0EF8	0x00000000 ;__GPIO_MODULE_USART1_PA9_10+48
0x0EFC	0x00000818 ;__GPIO_MODULE_USART1_PA9_10+52
0x0F00	0x00000018 ;__GPIO_MODULE_USART1_PA9_10+56
0x0F04	0x00000000 ;__GPIO_MODULE_USART1_PA9_10+60
0x0F08	0x00000000 ;__GPIO_MODULE_USART1_PA9_10+64
0x0F0C	0x00000000 ;__GPIO_MODULE_USART1_PA9_10+68
0x0F10	0x00000000 ;__GPIO_MODULE_USART1_PA9_10+72
0x0F14	0x00000000 ;__GPIO_MODULE_USART1_PA9_10+76
0x0F18	0x00000000 ;__GPIO_MODULE_USART1_PA9_10+80
0x0F1C	0x00000000 ;__GPIO_MODULE_USART1_PA9_10+84
0x0F20	0x00000000 ;__GPIO_MODULE_USART1_PA9_10+88
0x0F24	0x00000000 ;__GPIO_MODULE_USART1_PA9_10+92
0x0F28	0x00000000 ;__GPIO_MODULE_USART1_PA9_10+96
0x0F2C	0x00000000 ;__GPIO_MODULE_USART1_PA9_10+100
0x0F30	0x00000004 ;__GPIO_MODULE_USART1_PA9_10+104
; end of __GPIO_MODULE_USART1_PA9_10
;__Lib_System_101_102_103.c,418 :: __Lib_System_101_102_103_APBAHBPrescTable [16]
0x0F34	0x00000000 ;__Lib_System_101_102_103_APBAHBPrescTable+0
0x0F38	0x04030201 ;__Lib_System_101_102_103_APBAHBPrescTable+4
0x0F3C	0x04030201 ;__Lib_System_101_102_103_APBAHBPrescTable+8
0x0F40	0x09080706 ;__Lib_System_101_102_103_APBAHBPrescTable+12
; end of __Lib_System_101_102_103_APBAHBPrescTable
;STM32F103C8_MCU-Based_MP3_Player_with_Bluetooth_Control.c,0 :: ?ICSvolume_up_i_L0 [2]
0x0F44	0x0000 ;?ICSvolume_up_i_L0+0
; end of ?ICSvolume_up_i_L0
;STM32F103C8_MCU-Based_MP3_Player_with_Bluetooth_Control.c,0 :: ?ICSvolume_up_volume_up_song_L0 [10]
0x0F46	0x0406FF7E ;?ICSvolume_up_volume_up_song_L0+0
0x0F4A	0xFE000000 ;?ICSvolume_up_volume_up_song_L0+4
0x0F4E	0xEFF7 ;?ICSvolume_up_volume_up_song_L0+8
; end of ?ICSvolume_up_volume_up_song_L0
;STM32F103C8_MCU-Based_MP3_Player_with_Bluetooth_Control.c,0 :: ?ICSpause_i_L0 [2]
0x0F50	0x0000 ;?ICSpause_i_L0+0
; end of ?ICSpause_i_L0
;STM32F103C8_MCU-Based_MP3_Player_with_Bluetooth_Control.c,0 :: ?ICSpause_pause_song_L0 [10]
0x0F52	0x0E06FF7E ;?ICSpause_pause_song_L0+0
0x0F56	0xFE000000 ;?ICSpause_pause_song_L0+4
0x0F5A	0xEFED ;?ICSpause_pause_song_L0+8
; end of ?ICSpause_pause_song_L0
;STM32F103C8_MCU-Based_MP3_Player_with_Bluetooth_Control.c,0 :: ?ICSvolume_down_i_L0 [2]
0x0F5C	0x0000 ;?ICSvolume_down_i_L0+0
; end of ?ICSvolume_down_i_L0
;STM32F103C8_MCU-Based_MP3_Player_with_Bluetooth_Control.c,0 :: ?ICSvolume_down_volume_down_song_L0 [10]
0x0F5E	0x0506FF7E ;?ICSvolume_down_volume_down_song_L0+0
0x0F62	0xFE000000 ;?ICSvolume_down_volume_down_song_L0+4
0x0F66	0xEFF6 ;?ICSvolume_down_volume_down_song_L0+8
; end of ?ICSvolume_down_volume_down_song_L0
;STM32F103C8_MCU-Based_MP3_Player_with_Bluetooth_Control.c,0 :: ?ICSnext_i_L0 [2]
0x0F68	0x0000 ;?ICSnext_i_L0+0
; end of ?ICSnext_i_L0
;STM32F103C8_MCU-Based_MP3_Player_with_Bluetooth_Control.c,0 :: ?ICSnext_next_song_L0 [10]
0x0F6A	0x0106FF7E ;?ICSnext_next_song_L0+0
0x0F6E	0xFE000000 ;?ICSnext_next_song_L0+4
0x0F72	0xEFFA ;?ICSnext_next_song_L0+8
; end of ?ICSnext_next_song_L0
;STM32F103C8_MCU-Based_MP3_Player_with_Bluetooth_Control.c,0 :: ?ICSprevious_i_L0 [2]
0x0F74	0x0000 ;?ICSprevious_i_L0+0
; end of ?ICSprevious_i_L0
;STM32F103C8_MCU-Based_MP3_Player_with_Bluetooth_Control.c,0 :: ?ICSprevious_previous_song_L0 [10]
0x0F76	0x0206FF7E ;?ICSprevious_previous_song_L0+0
0x0F7A	0xFE000000 ;?ICSprevious_previous_song_L0+4
0x0F7E	0xEFF9 ;?ICSprevious_previous_song_L0+8
; end of ?ICSprevious_previous_song_L0
;STM32F103C8_MCU-Based_MP3_Player_with_Bluetooth_Control.c,0 :: ?ICSresume_i_L0 [2]
0x0F80	0x0000 ;?ICSresume_i_L0+0
; end of ?ICSresume_i_L0
;STM32F103C8_MCU-Based_MP3_Player_with_Bluetooth_Control.c,0 :: ?ICSresume_resume_song_L0 [10]
0x0F82	0x0D06FF7E ;?ICSresume_resume_song_L0+0
0x0F86	0xFE000000 ;?ICSresume_resume_song_L0+4
0x0F8A	0xEFEE ;?ICSresume_resume_song_L0+8
; end of ?ICSresume_resume_song_L0
;STM32F103C8_MCU-Based_MP3_Player_with_Bluetooth_Control.c,0 :: ?ICSmain_change_mode_L0 [10]
0x0F8C	0x0906FF7E ;?ICSmain_change_mode_L0+0
0x0F90	0xFE020000 ;?ICSmain_change_mode_L0+4
0x0F94	0xEFF0 ;?ICSmain_change_mode_L0+8
; end of ?ICSmain_change_mode_L0
;STM32F103C8_MCU-Based_MP3_Player_with_Bluetooth_Control.c,0 :: ?ICSmain_i_L0 [2]
0x0F96	0x0000 ;?ICSmain_i_L0+0
; end of ?ICSmain_i_L0
;STM32F103C8_MCU-Based_MP3_Player_with_Bluetooth_Control.c,0 :: ?ICSplay_i_L0 [2]
0x0F98	0x0000 ;?ICSplay_i_L0+0
; end of ?ICSplay_i_L0
;STM32F103C8_MCU-Based_MP3_Player_with_Bluetooth_Control.c,0 :: ?ICSplay_Play_song1_L0 [10]
0x0F9A	0x0F06FF7E ;?ICSplay_Play_song1_L0+0
0x0F9E	0xFE010100 ;?ICSplay_Play_song1_L0+4
0x0FA2	0xEFEA ;?ICSplay_Play_song1_L0+8
; end of ?ICSplay_Play_song1_L0
;__Lib_System_101_102_103.c,419 :: __Lib_System_101_102_103_ADCPrescTable [4]
0x0FA4	0x08060402 ;__Lib_System_101_102_103_ADCPrescTable+0
; end of __Lib_System_101_102_103_ADCPrescTable
Symbol List:
//** Routines locations **
//ADDRESS    SIZE    PROCEDURE
//----------------------------------------------
0x0130      [12]    _Get_Fosc_kHz
0x013C     [152]    __Lib_GPIO_32F10x_GPIO_Configure_Pin
0x01D4     [140]    _GPIO_Clk_Enable
0x0260     [168]    _RCC_GetClocksFrequency
0x0308     [272]    _GPIO_Alternate_Function_Enable
0x0418      [22]    __Lib_UART_123_45_UARTx_Read
0x0430      [30]    __Lib_UART_123_45_UARTx_Write
0x0450     [580]    __Lib_UART_123_45_UARTx_Init_Advanced
0x0694     [500]    _GPIO_Config
0x0888      [12]    __Lib_UART_123_45_UARTx_Data_Ready
0x0894      [60]    _resume
0x08D0      [24]    _UART1_Read
0x08E8      [60]    _pause
0x0924      [60]    _volume_down
0x0960      [60]    _volume_up
0x099C      [60]    _next
0x09D8      [80]    __Lib_System_101_102_103_SystemClockSetDefault
0x0A28      [60]    _previous
0x0A64      [28]    _GPIO_Digital_Output
0x0A80      [52]    _UART1_Init
0x0AB4      [20]    ___CC2DW
0x0AC8      [58]    ___FillZeros
0x0B04      [52]    _UART2_Init
0x0B38      [60]    _play
0x0B74      [24]    _UART1_Data_Ready
0x0B8C      [28]    _UART2_Write
0x0BA8      [22]    _Delay_100ms
0x0BC0      [20]    __Lib_System_101_102_103_InitialSetUpFosc
0x0BD4       [8]    ___GenExcept
0x0BDC     [240]    __Lib_System_101_102_103_InitialSetUpRCCRCC2
0x0CCC     [400]    _main
//** Variables locations ** 
//ADDRESS    SIZE    VARIABLE
//----------------------------------------------
0x20000000       [2]    _flag
0x20000004       [4]    ___System_CLOCK_IN_KHZ
0x20000008       [4]    _UART_Wr_Ptr
0x2000000C       [4]    _UART_Rd_Ptr
0x20000010       [4]    _UART_Rdy_Ptr
0x20000014       [4]    _UART_Tx_Idle_Ptr
//** Constants locations ** 
//ADDRESS    SIZE    CONSTANT
//----------------------------------------------
0x042E       [2]    ?ICS_flag
0x044E       [1]    ?lstr_1_STM32F103C8_MCU_45Based_MP3_Player_with_Bluetooth_Control
0x0E5C     [108]    __GPIO_MODULE_USART2_PA23
0x0EC8     [108]    __GPIO_MODULE_USART1_PA9_10
0x0F34      [16]    __Lib_System_101_102_103_APBAHBPrescTable
0x0F44       [2]    ?ICSvolume_up_i_L0
0x0F46      [10]    ?ICSvolume_up_volume_up_song_L0
0x0F50       [2]    ?ICSpause_i_L0
0x0F52      [10]    ?ICSpause_pause_song_L0
0x0F5C       [2]    ?ICSvolume_down_i_L0
0x0F5E      [10]    ?ICSvolume_down_volume_down_song_L0
0x0F68       [2]    ?ICSnext_i_L0
0x0F6A      [10]    ?ICSnext_next_song_L0
0x0F74       [2]    ?ICSprevious_i_L0
0x0F76      [10]    ?ICSprevious_previous_song_L0
0x0F80       [2]    ?ICSresume_i_L0
0x0F82      [10]    ?ICSresume_resume_song_L0
0x0F8C      [10]    ?ICSmain_change_mode_L0
0x0F96       [2]    ?ICSmain_i_L0
0x0F98       [2]    ?ICSplay_i_L0
0x0F9A      [10]    ?ICSplay_Play_song1_L0
0x0FA4       [4]    __Lib_System_101_102_103_ADCPrescTable
